{"/home/travis/build/npmtest/node-npmtest-object-hash/test.js":{"path":"/home/travis/build/npmtest/node-npmtest-object-hash/test.js","s":{"1":2,"2":2,"3":2,"4":2,"5":2,"6":2,"7":2,"8":1,"9":2,"10":2,"11":1,"12":1,"13":1,"14":1,"15":2,"16":2,"17":2,"18":2,"19":1,"20":1,"21":2,"22":2,"23":2,"24":1,"25":1,"26":1,"27":1,"28":1,"29":1,"30":1,"31":1,"32":1,"33":1,"34":1,"35":1,"36":1,"37":2,"38":2,"39":1,"40":2,"41":2,"42":1,"43":2,"44":2,"45":1,"46":2,"47":2,"48":1,"49":1,"50":1,"51":1,"52":1},"b":{"1":[2,1,1,1],"2":[1,1,1,1],"3":[1,1],"4":[1,1],"5":[1,1],"6":[1,1],"7":[1,1],"8":[1,1],"9":[1,1,1],"10":[1,1],"11":[1,1],"12":[1,1],"13":[1,1],"14":[1,1],"15":[1,1],"16":[1,1]},"f":{"1":2,"2":2,"3":2,"4":2,"5":2,"6":1,"7":1,"8":2,"9":2,"10":2,"11":2,"12":1},"fnMap":{"1":{"name":"(anonymous_1)","line":12,"loc":{"start":{"line":12,"column":1},"end":{"line":12,"column":13}}},"2":{"name":"(anonymous_2)","line":19,"loc":{"start":{"line":19,"column":5},"end":{"line":19,"column":17}}},"3":{"name":"(anonymous_3)","line":23,"loc":{"start":{"line":23,"column":24},"end":{"line":23,"column":36}}},"4":{"name":"(anonymous_4)","line":61,"loc":{"start":{"line":61,"column":5},"end":{"line":61,"column":17}}},"5":{"name":"(anonymous_5)","line":82,"loc":{"start":{"line":82,"column":5},"end":{"line":82,"column":17}}},"6":{"name":"(anonymous_6)","line":102,"loc":{"start":{"line":102,"column":83},"end":{"line":105,"column":10}},"skip":true},"7":{"name":"(anonymous_7)","line":113,"loc":{"start":{"line":113,"column":77},"end":{"line":116,"column":10}},"skip":true},"8":{"name":"(anonymous_8)","line":129,"loc":{"start":{"line":129,"column":12},"end":{"line":129,"column":40}},"skip":true},"9":{"name":"(anonymous_9)","line":137,"loc":{"start":{"line":137,"column":77},"end":{"line":140,"column":10}},"skip":true},"10":{"name":"(anonymous_10)","line":148,"loc":{"start":{"line":148,"column":83},"end":{"line":151,"column":10}},"skip":true},"11":{"name":"(anonymous_11)","line":159,"loc":{"start":{"line":159,"column":79},"end":{"line":162,"column":10}},"skip":true},"12":{"name":"(anonymous_12)","line":170,"loc":{"start":{"line":170,"column":75},"end":{"line":173,"column":10}},"skip":true}},"statementMap":{"1":{"start":{"line":12,"column":0},"end":{"line":185,"column":5}},"2":{"start":{"line":14,"column":4},"end":{"line":14,"column":14}},"3":{"start":{"line":19,"column":4},"end":{"line":56,"column":9}},"4":{"start":{"line":21,"column":8},"end":{"line":21,"column":19}},"5":{"start":{"line":23,"column":8},"end":{"line":35,"column":13}},"6":{"start":{"line":24,"column":12},"end":{"line":34,"column":13}},"7":{"start":{"line":25,"column":16},"end":{"line":28,"column":30}},"8":{"start":{"line":30,"column":16},"end":{"line":33,"column":27}},"9":{"start":{"line":37,"column":8},"end":{"line":39,"column":21}},"10":{"start":{"line":40,"column":8},"end":{"line":53,"column":9}},"11":{"start":{"line":43,"column":12},"end":{"line":46,"column":14}},"12":{"start":{"line":47,"column":12},"end":{"line":47,"column":18}},"13":{"start":{"line":50,"column":12},"end":{"line":51,"column":46}},"14":{"start":{"line":52,"column":12},"end":{"line":52,"column":18}},"15":{"start":{"line":55,"column":8},"end":{"line":55,"column":35}},"16":{"start":{"line":61,"column":4},"end":{"line":63,"column":9}},"17":{"start":{"line":62,"column":8},"end":{"line":62,"column":15}},"18":{"start":{"line":64,"column":4},"end":{"line":77,"column":5}},"19":{"start":{"line":70,"column":8},"end":{"line":70,"column":14}},"20":{"start":{"line":76,"column":8},"end":{"line":76,"column":14}},"21":{"start":{"line":82,"column":4},"end":{"line":84,"column":9}},"22":{"start":{"line":83,"column":8},"end":{"line":83,"column":15}},"23":{"start":{"line":85,"column":4},"end":{"line":184,"column":5}},"24":{"start":{"line":92,"column":8},"end":{"line":94,"column":63}},"25":{"start":{"line":95,"column":8},"end":{"line":95,"column":14}},"26":{"start":{"line":102,"column":8},"end":{"line":111,"column":10},"skip":true},"27":{"start":{"line":109,"column":12},"end":{"line":109,"column":55},"skip":true},"28":{"start":{"line":110,"column":12},"end":{"line":110,"column":48},"skip":true},"29":{"start":{"line":113,"column":8},"end":{"line":126,"column":10},"skip":true},"30":{"start":{"line":120,"column":12},"end":{"line":120,"column":76},"skip":true},"31":{"start":{"line":121,"column":12},"end":{"line":121,"column":73},"skip":true},"32":{"start":{"line":122,"column":12},"end":{"line":122,"column":74},"skip":true},"33":{"start":{"line":123,"column":12},"end":{"line":123,"column":79},"skip":true},"34":{"start":{"line":124,"column":12},"end":{"line":124,"column":25},"skip":true},"35":{"start":{"line":125,"column":12},"end":{"line":125,"column":45},"skip":true},"36":{"start":{"line":128,"column":8},"end":{"line":135,"column":14},"skip":true},"37":{"start":{"line":133,"column":16},"end":{"line":133,"column":29},"skip":true},"38":{"start":{"line":134,"column":16},"end":{"line":134,"column":55},"skip":true},"39":{"start":{"line":137,"column":8},"end":{"line":146,"column":10},"skip":true},"40":{"start":{"line":144,"column":12},"end":{"line":144,"column":25},"skip":true},"41":{"start":{"line":145,"column":12},"end":{"line":145,"column":45},"skip":true},"42":{"start":{"line":148,"column":8},"end":{"line":157,"column":10},"skip":true},"43":{"start":{"line":155,"column":12},"end":{"line":155,"column":25},"skip":true},"44":{"start":{"line":156,"column":12},"end":{"line":156,"column":48},"skip":true},"45":{"start":{"line":159,"column":8},"end":{"line":168,"column":10},"skip":true},"46":{"start":{"line":166,"column":12},"end":{"line":166,"column":25},"skip":true},"47":{"start":{"line":167,"column":12},"end":{"line":167,"column":46},"skip":true},"48":{"start":{"line":170,"column":8},"end":{"line":179,"column":10},"skip":true},"49":{"start":{"line":177,"column":12},"end":{"line":177,"column":94},"skip":true},"50":{"start":{"line":178,"column":12},"end":{"line":178,"column":48},"skip":true},"51":{"start":{"line":182,"column":8},"end":{"line":182,"column":35},"skip":true},"52":{"start":{"line":183,"column":8},"end":{"line":183,"column":14},"skip":true}},"branchMap":{"1":{"line":25,"type":"binary-expr","locations":[{"start":{"line":25,"column":23},"end":{"line":25,"column":62}},{"start":{"line":26,"column":20},"end":{"line":26,"column":70}},{"start":{"line":27,"column":20},"end":{"line":27,"column":71}},{"start":{"line":28,"column":20},"end":{"line":28,"column":29}}]},"2":{"line":30,"type":"binary-expr","locations":[{"start":{"line":30,"column":23},"end":{"line":30,"column":37}},{"start":{"line":31,"column":20},"end":{"line":31,"column":61}},{"start":{"line":32,"column":20},"end":{"line":32,"column":70}},{"start":{"line":33,"column":20},"end":{"line":33,"column":26}}]},"3":{"line":37,"type":"cond-expr","locations":[{"start":{"line":38,"column":14},"end":{"line":38,"column":20}},{"start":{"line":39,"column":14},"end":{"line":39,"column":20}}]},"4":{"line":40,"type":"switch","locations":[{"start":{"line":42,"column":8},"end":{"line":47,"column":18}},{"start":{"line":49,"column":8},"end":{"line":52,"column":18}}]},"5":{"line":44,"type":"binary-expr","locations":[{"start":{"line":44,"column":16},"end":{"line":44,"column":44}},{"start":{"line":44,"column":48},"end":{"line":44,"column":66}}]},"6":{"line":50,"type":"binary-expr","locations":[{"start":{"line":50,"column":21},"end":{"line":50,"column":49}},{"start":{"line":50,"column":53},"end":{"line":50,"column":72}}]},"7":{"line":64,"type":"switch","locations":[{"start":{"line":69,"column":4},"end":{"line":70,"column":14}},{"start":{"line":75,"column":4},"end":{"line":76,"column":14}}]},"8":{"line":85,"type":"switch","locations":[{"start":{"line":90,"column":4},"end":{"line":95,"column":14}},{"start":{"line":101,"column":4},"end":{"line":183,"column":14},"skip":true}]},"9":{"line":92,"type":"binary-expr","locations":[{"start":{"line":92,"column":18},"end":{"line":92,"column":32}},{"start":{"line":93,"column":12},"end":{"line":93,"column":53}},{"start":{"line":94,"column":12},"end":{"line":94,"column":61}}]},"10":{"line":102,"type":"binary-expr","locations":[{"start":{"line":102,"column":45},"end":{"line":102,"column":79},"skip":true},{"start":{"line":102,"column":83},"end":{"line":111,"column":9},"skip":true}]},"11":{"line":113,"type":"binary-expr","locations":[{"start":{"line":113,"column":42},"end":{"line":113,"column":73},"skip":true},{"start":{"line":113,"column":77},"end":{"line":126,"column":9},"skip":true}]},"12":{"line":128,"type":"binary-expr","locations":[{"start":{"line":128,"column":48},"end":{"line":128,"column":85},"skip":true},{"start":{"line":129,"column":12},"end":{"line":135,"column":13},"skip":true}]},"13":{"line":137,"type":"binary-expr","locations":[{"start":{"line":137,"column":42},"end":{"line":137,"column":73},"skip":true},{"start":{"line":137,"column":77},"end":{"line":146,"column":9},"skip":true}]},"14":{"line":148,"type":"binary-expr","locations":[{"start":{"line":148,"column":45},"end":{"line":148,"column":79},"skip":true},{"start":{"line":148,"column":83},"end":{"line":157,"column":9},"skip":true}]},"15":{"line":159,"type":"binary-expr","locations":[{"start":{"line":159,"column":43},"end":{"line":159,"column":75},"skip":true},{"start":{"line":159,"column":79},"end":{"line":168,"column":9},"skip":true}]},"16":{"line":170,"type":"binary-expr","locations":[{"start":{"line":170,"column":41},"end":{"line":170,"column":71},"skip":true},{"start":{"line":170,"column":75},"end":{"line":179,"column":9},"skip":true}]}},"code":["/* istanbul instrument in package npmtest_object_hash */","/*jslint","    bitwise: true,","    browser: true,","    maxerr: 8,","    maxlen: 96,","    node: true,","    nomen: true,","    regexp: true,","    stupid: true","*/","(function () {","    'use strict';","    var local;","","","","    // run shared js-env code - pre-init","    (function () {","        // init local","        local = {};","        // init modeJs","        local.modeJs = (function () {","            try {","                return typeof navigator.userAgent === 'string' &&","                    typeof document.querySelector('body') === 'object' &&","                    typeof XMLHttpRequest.prototype.open === 'function' &&","                    'browser';","            } catch (errorCaughtBrowser) {","                return module.exports &&","                    typeof process.versions.node === 'string' &&","                    typeof require('http').createServer === 'function' &&","                    'node';","            }","        }());","        // init global","        local.global = local.modeJs === 'browser'","            ? window","            : global;","        switch (local.modeJs) {","        // re-init local from window.local","        case 'browser':","            local = local.global.utility2.objectSetDefault(","                local.global.utility2_rollup || local.global.local,","                local.global.utility2","            );","            break;","        // re-init local from example.js","        case 'node':","            local = (local.global.utility2_rollup || require('utility2'))","                .requireExampleJsFromReadme();","            break;","        }","        // export local","        local.global.local = local;","    }());","","","","    // run shared js-env code - function","    (function () {","        return;","    }());","    switch (local.modeJs) {","","","","    // run browser js-env code - function","    case 'browser':","        break;","","","","    // run node js-env code - function","    case 'node':","        break;","    }","","","","    // run shared js-env code - post-init","    (function () {","        return;","    }());","    switch (local.modeJs) {","","","","    // run browser js-env code - post-init","    case 'browser':","        // run tests","        local.nop(local.modeTest &&","            document.querySelector('#testRunButton1') &&","            document.querySelector('#testRunButton1').click());","        break;","","","","    // run node js-env code - post-init","    /* istanbul ignore next */","    case 'node':","        local.testCase_buildApidoc_default = local.testCase_buildApidoc_default || function (","            options,","            onError","        ) {","        /*","         * this function will test buildApidoc's default handling-behavior-behavior","         */","            options = { modulePathList: module.paths };","            local.buildApidoc(options, onError);","        };","","        local.testCase_buildApp_default = local.testCase_buildApp_default || function (","            options,","            onError","        ) {","        /*","         * this function will test buildApp's default handling-behavior-behavior","         */","            local.testCase_buildReadme_default(options, local.onErrorThrow);","            local.testCase_buildLib_default(options, local.onErrorThrow);","            local.testCase_buildTest_default(options, local.onErrorThrow);","            local.testCase_buildCustomOrg_default(options, local.onErrorThrow);","            options = [];","            local.buildApp(options, onError);","        };","","        local.testCase_buildCustomOrg_default = local.testCase_buildCustomOrg_default ||","            function (options, onError) {","            /*","             * this function will test buildCustomOrg's default handling-behavior","             */","                options = {};","                local.buildCustomOrg(options, onError);","            };","","        local.testCase_buildLib_default = local.testCase_buildLib_default || function (","            options,","            onError","        ) {","        /*","         * this function will test buildLib's default handling-behavior","         */","            options = {};","            local.buildLib(options, onError);","        };","","        local.testCase_buildReadme_default = local.testCase_buildReadme_default || function (","            options,","            onError","        ) {","        /*","         * this function will test buildReadme's default handling-behavior-behavior","         */","            options = {};","            local.buildReadme(options, onError);","        };","","        local.testCase_buildTest_default = local.testCase_buildTest_default || function (","            options,","            onError","        ) {","        /*","         * this function will test buildTest's default handling-behavior","         */","            options = {};","            local.buildTest(options, onError);","        };","","        local.testCase_webpage_default = local.testCase_webpage_default || function (","            options,","            onError","        ) {","        /*","         * this function will test webpage's default handling-behavior","         */","            options = { modeCoverageMerge: true, url: local.serverLocalHost + '?modeTest=1' };","            local.browserTest(options, onError);","        };","","        // run test-server","        local.testRunServer(local);","        break;","    }","}());",""],"l":{"12":2,"14":2,"19":2,"21":2,"23":2,"24":2,"25":2,"30":1,"37":2,"40":2,"43":1,"47":1,"50":1,"52":1,"55":2,"61":2,"62":2,"64":2,"70":1,"76":1,"82":2,"83":2,"85":2,"92":1,"95":1,"102":1,"109":1,"110":1,"113":1,"120":1,"121":1,"122":1,"123":1,"124":1,"125":1,"128":1,"133":2,"134":2,"137":1,"144":2,"145":2,"148":1,"155":2,"156":2,"159":1,"166":2,"167":2,"170":1,"177":1,"178":1,"182":1,"183":1}},"/home/travis/build/npmtest/node-npmtest-object-hash/lib.npmtest_object_hash.js":{"path":"/home/travis/build/npmtest/node-npmtest-object-hash/lib.npmtest_object_hash.js","s":{"1":2,"2":2,"3":2,"4":2,"5":2,"6":2,"7":2,"8":1,"9":2,"10":2,"11":2,"12":2,"13":1,"14":1,"15":1,"16":1},"b":{"1":[2,1,1,1],"2":[1,1,1,1],"3":[1,1],"4":[2,2],"5":[1,1]},"f":{"1":2,"2":2,"3":2},"fnMap":{"1":{"name":"(anonymous_1)","line":12,"loc":{"start":{"line":12,"column":1},"end":{"line":12,"column":13}}},"2":{"name":"(anonymous_2)","line":19,"loc":{"start":{"line":19,"column":5},"end":{"line":19,"column":17}}},"3":{"name":"(anonymous_3)","line":23,"loc":{"start":{"line":23,"column":24},"end":{"line":23,"column":36}}}},"statementMap":{"1":{"start":{"line":12,"column":0},"end":{"line":53,"column":5}},"2":{"start":{"line":14,"column":4},"end":{"line":14,"column":14}},"3":{"start":{"line":19,"column":4},"end":{"line":52,"column":9}},"4":{"start":{"line":21,"column":8},"end":{"line":21,"column":19}},"5":{"start":{"line":23,"column":8},"end":{"line":35,"column":13}},"6":{"start":{"line":24,"column":12},"end":{"line":34,"column":13}},"7":{"start":{"line":25,"column":16},"end":{"line":28,"column":30}},"8":{"start":{"line":30,"column":16},"end":{"line":33,"column":27}},"9":{"start":{"line":37,"column":8},"end":{"line":39,"column":21}},"10":{"start":{"line":41,"column":8},"end":{"line":41,"column":54}},"11":{"start":{"line":43,"column":8},"end":{"line":43,"column":56}},"12":{"start":{"line":45,"column":8},"end":{"line":51,"column":9}},"13":{"start":{"line":46,"column":12},"end":{"line":46,"column":62}},"14":{"start":{"line":48,"column":12},"end":{"line":48,"column":35}},"15":{"start":{"line":49,"column":12},"end":{"line":49,"column":49}},"16":{"start":{"line":50,"column":12},"end":{"line":50,"column":43}}},"branchMap":{"1":{"line":25,"type":"binary-expr","locations":[{"start":{"line":25,"column":23},"end":{"line":25,"column":62}},{"start":{"line":26,"column":20},"end":{"line":26,"column":70}},{"start":{"line":27,"column":20},"end":{"line":27,"column":71}},{"start":{"line":28,"column":20},"end":{"line":28,"column":29}}]},"2":{"line":30,"type":"binary-expr","locations":[{"start":{"line":30,"column":23},"end":{"line":30,"column":37}},{"start":{"line":31,"column":20},"end":{"line":31,"column":61}},{"start":{"line":32,"column":20},"end":{"line":32,"column":70}},{"start":{"line":33,"column":20},"end":{"line":33,"column":26}}]},"3":{"line":37,"type":"cond-expr","locations":[{"start":{"line":38,"column":14},"end":{"line":38,"column":20}},{"start":{"line":39,"column":14},"end":{"line":39,"column":20}}]},"4":{"line":41,"type":"binary-expr","locations":[{"start":{"line":41,"column":16},"end":{"line":41,"column":44}},{"start":{"line":41,"column":48},"end":{"line":41,"column":53}}]},"5":{"line":45,"type":"if","locations":[{"start":{"line":45,"column":8},"end":{"line":45,"column":8}},{"start":{"line":45,"column":8},"end":{"line":45,"column":8}}]}},"code":["/* istanbul instrument in package npmtest_object_hash */","/*jslint","    bitwise: true,","    browser: true,","    maxerr: 8,","    maxlen: 96,","    node: true,","    nomen: true,","    regexp: true,","    stupid: true","*/","(function () {","    'use strict';","    var local;","","","","    // run shared js-env code - pre-init","    (function () {","        // init local","        local = {};","        // init modeJs","        local.modeJs = (function () {","            try {","                return typeof navigator.userAgent === 'string' &&","                    typeof document.querySelector('body') === 'object' &&","                    typeof XMLHttpRequest.prototype.open === 'function' &&","                    'browser';","            } catch (errorCaughtBrowser) {","                return module.exports &&","                    typeof process.versions.node === 'string' &&","                    typeof require('http').createServer === 'function' &&","                    'node';","            }","        }());","        // init global","        local.global = local.modeJs === 'browser'","            ? window","            : global;","        // init utility2_rollup","        local = local.global.utility2_rollup || local;","        // init lib","        local.local = local.npmtest_object_hash = local;","        // init exports","        if (local.modeJs === 'browser') {","            local.global.utility2_npmtest_object_hash = local;","        } else {","            module.exports = local;","            module.exports.__dirname = __dirname;","            module.exports.module = module;","        }","    }());","}());",""],"l":{"12":2,"14":2,"19":2,"21":2,"23":2,"24":2,"25":2,"30":1,"37":2,"41":2,"43":2,"45":2,"46":1,"48":1,"49":1,"50":1}},"/home/travis/build/npmtest/node-npmtest-object-hash/example.js":{"path":"/home/travis/build/npmtest/node-npmtest-object-hash/example.js","s":{"1":2,"2":2,"3":2,"4":2,"5":2,"6":2,"7":2,"8":1,"9":2,"10":2,"11":2,"12":2,"13":1,"14":2,"15":2,"16":2,"17":2,"18":2,"19":0,"20":2,"21":1,"22":1,"23":1,"24":1,"25":1,"26":0,"27":0,"28":1,"29":1,"30":2,"31":0,"32":0,"33":0,"34":1,"35":2,"36":2,"37":2,"38":2,"39":2,"40":2,"41":0,"42":2,"43":2,"44":2,"45":1,"46":3,"47":1,"48":1,"49":1,"50":1,"51":1,"52":1,"53":1,"54":1,"55":1,"56":1,"57":0,"58":1,"59":6,"60":6,"61":1,"62":2,"63":0,"64":2,"65":1,"66":1,"67":0,"68":0,"69":0,"70":0,"71":0,"72":0,"73":0,"74":0,"75":0,"76":0,"77":0,"78":0,"79":0,"80":0,"81":0,"82":0,"83":0},"b":{"1":[2,1,1,1],"2":[1,1,1,1],"3":[1,1],"4":[2,2],"5":[1,1],"6":[1,1],"7":[2,0],"8":[2,1,1,1,1,1],"9":[0,2,0],"10":[1,1],"11":[2,1,1],"12":[1,0],"13":[0,2],"14":[2,0,0,0,0,0,0],"15":[0,2],"16":[2,0],"17":[1,1],"18":[0,1],"19":[1,2,0,2],"20":[1,0],"21":[1,1],"22":[0,0],"23":[0,0],"24":[0,0],"25":[0,0],"26":[0,0],"27":[0,0],"28":[0,0]},"f":{"1":2,"2":2,"3":2,"4":2,"5":2,"6":2,"7":2,"8":2,"9":3,"10":1,"11":6,"12":0},"fnMap":{"1":{"name":"(anonymous_1)","line":26,"loc":{"start":{"line":26,"column":1},"end":{"line":26,"column":13}}},"2":{"name":"(anonymous_2)","line":33,"loc":{"start":{"line":33,"column":5},"end":{"line":33,"column":17}}},"3":{"name":"(anonymous_3)","line":37,"loc":{"start":{"line":37,"column":24},"end":{"line":37,"column":36}}},"4":{"name":"(anonymous_4)","line":69,"loc":{"start":{"line":69,"column":31},"end":{"line":69,"column":48}},"skip":true},"5":{"name":"(anonymous_5)","line":78,"loc":{"start":{"line":78,"column":26},"end":{"line":78,"column":45}},"skip":true},"6":{"name":"(anonymous_6)","line":123,"loc":{"start":{"line":123,"column":33},"end":{"line":123,"column":48}},"skip":true},"7":{"name":"(anonymous_7)","line":125,"loc":{"start":{"line":125,"column":27},"end":{"line":125,"column":39}},"skip":true},"8":{"name":"(anonymous_8)","line":133,"loc":{"start":{"line":133,"column":59},"end":{"line":133,"column":74}},"skip":true},"9":{"name":"(anonymous_9)","line":143,"loc":{"start":{"line":143,"column":45},"end":{"line":143,"column":62}},"skip":true},"10":{"name":"(anonymous_10)","line":144,"loc":{"start":{"line":144,"column":73},"end":{"line":144,"column":92}},"skip":true},"11":{"name":"(anonymous_11)","line":272,"loc":{"start":{"line":272,"column":51},"end":{"line":272,"column":77}},"skip":true},"12":{"name":"(anonymous_12)","line":314,"loc":{"start":{"line":314,"column":32},"end":{"line":314,"column":61}},"skip":true}},"statementMap":{"1":{"start":{"line":26,"column":0},"end":{"line":325,"column":5}},"2":{"start":{"line":28,"column":4},"end":{"line":28,"column":14}},"3":{"start":{"line":33,"column":4},"end":{"line":60,"column":9}},"4":{"start":{"line":35,"column":8},"end":{"line":35,"column":19}},"5":{"start":{"line":37,"column":8},"end":{"line":49,"column":13}},"6":{"start":{"line":38,"column":12},"end":{"line":48,"column":13}},"7":{"start":{"line":39,"column":16},"end":{"line":42,"column":30}},"8":{"start":{"line":44,"column":16},"end":{"line":47,"column":27}},"9":{"start":{"line":51,"column":8},"end":{"line":53,"column":21}},"10":{"start":{"line":55,"column":8},"end":{"line":57,"column":45}},"11":{"start":{"line":59,"column":8},"end":{"line":59,"column":35}},"12":{"start":{"line":61,"column":4},"end":{"line":324,"column":5}},"13":{"start":{"line":69,"column":8},"end":{"line":121,"column":10},"skip":true},"14":{"start":{"line":70,"column":12},"end":{"line":88,"column":13},"skip":true},"15":{"start":{"line":76,"column":16},"end":{"line":87,"column":19},"skip":true},"16":{"start":{"line":79,"column":20},"end":{"line":86,"column":21},"skip":true},"17":{"start":{"line":82,"column":24},"end":{"line":82,"column":43},"skip":true},"18":{"start":{"line":83,"column":24},"end":{"line":83,"column":30},"skip":true},"19":{"start":{"line":85,"column":24},"end":{"line":85,"column":49},"skip":true},"20":{"start":{"line":89,"column":12},"end":{"line":107,"column":13},"skip":true},"21":{"start":{"line":92,"column":16},"end":{"line":102,"column":17},"skip":true},"22":{"start":{"line":93,"column":20},"end":{"line":93,"column":86},"skip":true},"23":{"start":{"line":94,"column":20},"end":{"line":95,"column":45},"skip":true},"24":{"start":{"line":96,"column":20},"end":{"line":96,"column":42},"skip":true},"25":{"start":{"line":97,"column":20},"end":{"line":97,"column":48},"skip":true},"26":{"start":{"line":100,"column":20},"end":{"line":100,"column":85},"skip":true},"27":{"start":{"line":101,"column":20},"end":{"line":101,"column":96},"skip":true},"28":{"start":{"line":103,"column":16},"end":{"line":103,"column":22},"skip":true},"29":{"start":{"line":106,"column":16},"end":{"line":106,"column":22},"skip":true},"30":{"start":{"line":108,"column":12},"end":{"line":120,"column":13},"skip":true},"31":{"start":{"line":114,"column":16},"end":{"line":119,"column":17},"skip":true},"32":{"start":{"line":116,"column":20},"end":{"line":116,"column":78},"skip":true},"33":{"start":{"line":118,"column":20},"end":{"line":118,"column":47},"skip":true},"34":{"start":{"line":123,"column":8},"end":{"line":141,"column":11},"skip":true},"35":{"start":{"line":124,"column":12},"end":{"line":124,"column":54},"skip":true},"36":{"start":{"line":125,"column":12},"end":{"line":140,"column":14},"skip":true},"37":{"start":{"line":126,"column":16},"end":{"line":126,"column":28},"skip":true},"38":{"start":{"line":127,"column":16},"end":{"line":127,"column":69},"skip":true},"39":{"start":{"line":128,"column":16},"end":{"line":128,"column":75},"skip":true},"40":{"start":{"line":129,"column":16},"end":{"line":131,"column":17},"skip":true},"41":{"start":{"line":130,"column":20},"end":{"line":130,"column":27},"skip":true},"42":{"start":{"line":133,"column":16},"end":{"line":137,"column":36},"skip":true},"43":{"start":{"line":134,"column":20},"end":{"line":136,"column":55},"skip":true},"44":{"start":{"line":139,"column":16},"end":{"line":139,"column":57},"skip":true},"45":{"start":{"line":143,"column":8},"end":{"line":147,"column":11},"skip":true},"46":{"start":{"line":144,"column":12},"end":{"line":146,"column":15},"skip":true},"47":{"start":{"line":145,"column":16},"end":{"line":145,"column":70},"skip":true},"48":{"start":{"line":149,"column":8},"end":{"line":149,"column":31},"skip":true},"49":{"start":{"line":150,"column":8},"end":{"line":150,"column":14},"skip":true},"50":{"start":{"line":158,"column":8},"end":{"line":158,"column":31},"skip":true},"51":{"start":{"line":160,"column":8},"end":{"line":160,"column":33},"skip":true},"52":{"start":{"line":161,"column":8},"end":{"line":161,"column":37},"skip":true},"53":{"start":{"line":162,"column":8},"end":{"line":162,"column":35},"skip":true},"54":{"start":{"line":164,"column":8},"end":{"line":164,"column":50},"skip":true},"55":{"start":{"line":166,"column":8},"end":{"line":256,"column":2},"skip":true},"56":{"start":{"line":258,"column":8},"end":{"line":286,"column":9},"skip":true},"57":{"start":{"line":259,"column":12},"end":{"line":269,"column":14},"skip":true},"58":{"start":{"line":271,"column":12},"end":{"line":285,"column":19},"skip":true},"59":{"start":{"line":274,"column":20},"end":{"line":274,"column":35},"skip":true},"60":{"start":{"line":275,"column":20},"end":{"line":284,"column":21},"skip":true},"61":{"start":{"line":277,"column":24},"end":{"line":277,"column":64},"skip":true},"62":{"start":{"line":279,"column":24},"end":{"line":279,"column":40},"skip":true},"63":{"start":{"line":281,"column":24},"end":{"line":281,"column":40},"skip":true},"64":{"start":{"line":283,"column":24},"end":{"line":283,"column":39},"skip":true},"65":{"start":{"line":288,"column":8},"end":{"line":290,"column":9},"skip":true},"66":{"start":{"line":289,"column":12},"end":{"line":289,"column":18},"skip":true},"67":{"start":{"line":291,"column":8},"end":{"line":293,"column":54},"skip":true},"68":{"start":{"line":294,"column":8},"end":{"line":301,"column":37},"skip":true},"69":{"start":{"line":302,"column":8},"end":{"line":302,"column":82},"skip":true},"70":{"start":{"line":305,"column":8},"end":{"line":307,"column":9},"skip":true},"71":{"start":{"line":306,"column":12},"end":{"line":306,"column":82},"skip":true},"72":{"start":{"line":309,"column":8},"end":{"line":311,"column":9},"skip":true},"73":{"start":{"line":310,"column":12},"end":{"line":310,"column":18},"skip":true},"74":{"start":{"line":312,"column":8},"end":{"line":312,"column":54},"skip":true},"75":{"start":{"line":313,"column":8},"end":{"line":313,"column":69},"skip":true},"76":{"start":{"line":314,"column":8},"end":{"line":322,"column":36},"skip":true},"77":{"start":{"line":315,"column":12},"end":{"line":315,"column":61},"skip":true},"78":{"start":{"line":316,"column":12},"end":{"line":319,"column":13},"skip":true},"79":{"start":{"line":317,"column":16},"end":{"line":317,"column":75},"skip":true},"80":{"start":{"line":318,"column":16},"end":{"line":318,"column":23},"skip":true},"81":{"start":{"line":320,"column":12},"end":{"line":320,"column":38},"skip":true},"82":{"start":{"line":321,"column":12},"end":{"line":321,"column":27},"skip":true},"83":{"start":{"line":323,"column":8},"end":{"line":323,"column":14},"skip":true}},"branchMap":{"1":{"line":39,"type":"binary-expr","locations":[{"start":{"line":39,"column":23},"end":{"line":39,"column":62}},{"start":{"line":40,"column":20},"end":{"line":40,"column":70}},{"start":{"line":41,"column":20},"end":{"line":41,"column":71}},{"start":{"line":42,"column":20},"end":{"line":42,"column":29}}]},"2":{"line":44,"type":"binary-expr","locations":[{"start":{"line":44,"column":23},"end":{"line":44,"column":37}},{"start":{"line":45,"column":20},"end":{"line":45,"column":61}},{"start":{"line":46,"column":20},"end":{"line":46,"column":70}},{"start":{"line":47,"column":20},"end":{"line":47,"column":26}}]},"3":{"line":51,"type":"cond-expr","locations":[{"start":{"line":52,"column":14},"end":{"line":52,"column":20}},{"start":{"line":53,"column":14},"end":{"line":53,"column":20}}]},"4":{"line":55,"type":"binary-expr","locations":[{"start":{"line":55,"column":16},"end":{"line":55,"column":44}},{"start":{"line":55,"column":49},"end":{"line":57,"column":43}}]},"5":{"line":55,"type":"cond-expr","locations":[{"start":{"line":56,"column":14},"end":{"line":56,"column":55}},{"start":{"line":57,"column":14},"end":{"line":57,"column":43}}]},"6":{"line":61,"type":"switch","locations":[{"start":{"line":68,"column":4},"end":{"line":150,"column":14},"skip":true},{"start":{"line":156,"column":4},"end":{"line":323,"column":14},"skip":true}]},"7":{"line":70,"type":"if","locations":[{"start":{"line":70,"column":12},"end":{"line":70,"column":12},"skip":true},{"start":{"line":70,"column":12},"end":{"line":70,"column":12},"skip":true}]},"8":{"line":70,"type":"binary-expr","locations":[{"start":{"line":70,"column":16},"end":{"line":70,"column":22},"skip":true},{"start":{"line":70,"column":27},"end":{"line":70,"column":32},"skip":true},{"start":{"line":71,"column":20},"end":{"line":71,"column":39},"skip":true},{"start":{"line":72,"column":20},"end":{"line":72,"column":49},"skip":true},{"start":{"line":73,"column":20},"end":{"line":73,"column":58},"skip":true},{"start":{"line":74,"column":20},"end":{"line":74,"column":69},"skip":true}]},"9":{"line":79,"type":"switch","locations":[{"start":{"line":80,"column":20},"end":{"line":80,"column":33},"skip":true},{"start":{"line":81,"column":20},"end":{"line":83,"column":30},"skip":true},{"start":{"line":84,"column":20},"end":{"line":85,"column":49},"skip":true}]},"10":{"line":89,"type":"switch","locations":[{"start":{"line":90,"column":12},"end":{"line":103,"column":22},"skip":true},{"start":{"line":105,"column":12},"end":{"line":106,"column":22},"skip":true}]},"11":{"line":89,"type":"binary-expr","locations":[{"start":{"line":89,"column":20},"end":{"line":89,"column":25},"skip":true},{"start":{"line":89,"column":29},"end":{"line":89,"column":48},"skip":true},{"start":{"line":89,"column":52},"end":{"line":89,"column":74},"skip":true}]},"12":{"line":92,"type":"if","locations":[{"start":{"line":92,"column":16},"end":{"line":92,"column":16},"skip":true},{"start":{"line":92,"column":16},"end":{"line":92,"column":16},"skip":true}]},"13":{"line":108,"type":"if","locations":[{"start":{"line":108,"column":12},"end":{"line":108,"column":12},"skip":true},{"start":{"line":108,"column":12},"end":{"line":108,"column":12},"skip":true}]},"14":{"line":108,"type":"binary-expr","locations":[{"start":{"line":108,"column":16},"end":{"line":108,"column":61},"skip":true},{"start":{"line":108,"column":66},"end":{"line":108,"column":72},"skip":true},{"start":{"line":108,"column":77},"end":{"line":108,"column":82},"skip":true},{"start":{"line":109,"column":20},"end":{"line":109,"column":39},"skip":true},{"start":{"line":110,"column":20},"end":{"line":110,"column":49},"skip":true},{"start":{"line":111,"column":20},"end":{"line":111,"column":58},"skip":true},{"start":{"line":112,"column":20},"end":{"line":112,"column":68},"skip":true}]},"15":{"line":129,"type":"if","locations":[{"start":{"line":129,"column":16},"end":{"line":129,"column":16},"skip":true},{"start":{"line":129,"column":16},"end":{"line":129,"column":16},"skip":true}]},"16":{"line":134,"type":"cond-expr","locations":[{"start":{"line":135,"column":26},"end":{"line":135,"column":29},"skip":true},{"start":{"line":136,"column":26},"end":{"line":136,"column":54},"skip":true}]},"17":{"line":164,"type":"binary-expr","locations":[{"start":{"line":164,"column":27},"end":{"line":164,"column":43},"skip":true},{"start":{"line":164,"column":47},"end":{"line":164,"column":49},"skip":true}]},"18":{"line":258,"type":"if","locations":[{"start":{"line":258,"column":8},"end":{"line":258,"column":8},"skip":true},{"start":{"line":258,"column":8},"end":{"line":258,"column":8},"skip":true}]},"19":{"line":275,"type":"switch","locations":[{"start":{"line":276,"column":20},"end":{"line":277,"column":64},"skip":true},{"start":{"line":278,"column":20},"end":{"line":279,"column":40},"skip":true},{"start":{"line":280,"column":20},"end":{"line":281,"column":40},"skip":true},{"start":{"line":282,"column":20},"end":{"line":283,"column":39},"skip":true}]},"20":{"line":288,"type":"if","locations":[{"start":{"line":288,"column":8},"end":{"line":288,"column":8},"skip":true},{"start":{"line":288,"column":8},"end":{"line":288,"column":8},"skip":true}]},"21":{"line":288,"type":"binary-expr","locations":[{"start":{"line":288,"column":12},"end":{"line":288,"column":40},"skip":true},{"start":{"line":288,"column":44},"end":{"line":288,"column":67},"skip":true}]},"22":{"line":292,"type":"binary-expr","locations":[{"start":{"line":292,"column":12},"end":{"line":292,"column":50},"skip":true},{"start":{"line":293,"column":12},"end":{"line":293,"column":53},"skip":true}]},"23":{"line":295,"type":"binary-expr","locations":[{"start":{"line":295,"column":12},"end":{"line":295,"column":69},"skip":true},{"start":{"line":296,"column":12},"end":{"line":301,"column":36},"skip":true}]},"24":{"line":302,"type":"binary-expr","locations":[{"start":{"line":302,"column":43},"end":{"line":302,"column":75},"skip":true},{"start":{"line":302,"column":79},"end":{"line":302,"column":81},"skip":true}]},"25":{"line":305,"type":"if","locations":[{"start":{"line":305,"column":8},"end":{"line":305,"column":8},"skip":true},{"start":{"line":305,"column":8},"end":{"line":305,"column":8},"skip":true}]},"26":{"line":309,"type":"if","locations":[{"start":{"line":309,"column":8},"end":{"line":309,"column":8},"skip":true},{"start":{"line":309,"column":8},"end":{"line":309,"column":8},"skip":true}]},"27":{"line":312,"type":"binary-expr","locations":[{"start":{"line":312,"column":27},"end":{"line":312,"column":43},"skip":true},{"start":{"line":312,"column":47},"end":{"line":312,"column":53},"skip":true}]},"28":{"line":316,"type":"if","locations":[{"start":{"line":316,"column":12},"end":{"line":316,"column":12},"skip":true},{"start":{"line":316,"column":12},"end":{"line":316,"column":12},"skip":true}]}},"code":["/*","example.js","","quickstart example","","instruction","    1. save this script as example.js","    2. run the shell command:","        $ npm install npmtest-object-hash && PORT=8081 node example.js","    3. play with the browser-demo on http://127.0.0.1:8081","*/","","","","/* istanbul instrument in package npmtest_object_hash */","/*jslint","    bitwise: true,","    browser: true,","    maxerr: 8,","    maxlen: 96,","    node: true,","    nomen: true,","    regexp: true,","    stupid: true","*/","(function () {","    'use strict';","    var local;","","","","    // run shared js-env code - pre-init","    (function () {","        // init local","        local = {};","        // init modeJs","        local.modeJs = (function () {","            try {","                return typeof navigator.userAgent === 'string' &&","                    typeof document.querySelector('body') === 'object' &&","                    typeof XMLHttpRequest.prototype.open === 'function' &&","                    'browser';","            } catch (errorCaughtBrowser) {","                return module.exports &&","                    typeof process.versions.node === 'string' &&","                    typeof require('http').createServer === 'function' &&","                    'node';","            }","        }());","        // init global","        local.global = local.modeJs === 'browser'","            ? window","            : global;","        // init utility2_rollup","        local = local.global.utility2_rollup || (local.modeJs === 'browser'","            ? local.global.utility2_npmtest_object_hash","            : global.utility2_moduleExports);","        // export local","        local.global.local = local;","    }());","    switch (local.modeJs) {","","","","    // post-init","    // run browser js-env code - post-init","    /* istanbul ignore next */","    case 'browser':","        local.testRunBrowser = function (event) {","            if (!event || (event &&","                    event.currentTarget &&","                    event.currentTarget.className &&","                    event.currentTarget.className.includes &&","                    event.currentTarget.className.includes('onreset'))) {","                // reset output","                Array.from(","                    document.querySelectorAll('body > .resettable')","                ).forEach(function (element) {","                    switch (element.tagName) {","                    case 'INPUT':","                    case 'TEXTAREA':","                        element.value = '';","                        break;","                    default:","                        element.textContent = '';","                    }","                });","            }","            switch (event && event.currentTarget && event.currentTarget.id) {","            case 'testRunButton1':","                // show tests","                if (document.querySelector('#testReportDiv1').style.display === 'none') {","                    document.querySelector('#testReportDiv1').style.display = 'block';","                    document.querySelector('#testRunButton1').textContent =","                        'hide internal test';","                    local.modeTest = true;","                    local.testRunDefault(local);","                // hide tests","                } else {","                    document.querySelector('#testReportDiv1').style.display = 'none';","                    document.querySelector('#testRunButton1').textContent = 'run internal test';","                }","                break;","            // custom-case","            default:","                break;","            }","            if (document.querySelector('#inputTextareaEval1') && (!event || (event &&","                    event.currentTarget &&","                    event.currentTarget.className &&","                    event.currentTarget.className.includes &&","                    event.currentTarget.className.includes('oneval')))) {","                // try to eval input-code","                try {","                    /*jslint evil: true*/","                    eval(document.querySelector('#inputTextareaEval1').value);","                } catch (errorCaught) {","                    console.error(errorCaught);","                }","            }","        };","        // log stderr and stdout to #outputTextareaStdout1","        ['error', 'log'].forEach(function (key) {","            console[key + '_original'] = console[key];","            console[key] = function () {","                var element;","                console[key + '_original'].apply(console, arguments);","                element = document.querySelector('#outputTextareaStdout1');","                if (!element) {","                    return;","                }","                // append text to #outputTextareaStdout1","                element.value += Array.from(arguments).map(function (arg) {","                    return typeof arg === 'string'","                        ? arg","                        : JSON.stringify(arg, null, 4);","                }).join(' ') + '\\n';","                // scroll textarea to bottom","                element.scrollTop = element.scrollHeight;","            };","        });","        // init event-handling","        ['change', 'click', 'keyup'].forEach(function (event) {","            Array.from(document.querySelectorAll('.on' + event)).forEach(function (element) {","                element.addEventListener(event, local.testRunBrowser);","            });","        });","        // run tests","        local.testRunBrowser();","        break;","","","","    // run node js-env code - post-init","    /* istanbul ignore next */","    case 'node':","        // export local","        module.exports = local;","        // require modules","        local.fs = require('fs');","        local.http = require('http');","        local.url = require('url');","        // init assets","        local.assetsDict = local.assetsDict || {};","        /* jslint-ignore-begin */","        local.assetsDict['/assets.index.template.html'] = '\\","<!doctype html>\\n\\","<html lang=\"en\">\\n\\","<head>\\n\\","<meta charset=\"UTF-8\">\\n\\","<meta name=\"viewport\" content=\"width=device-width, initial-scale=1\">\\n\\","<title>{{env.npm_package_name}} (v{{env.npm_package_version}})</title>\\n\\","<style>\\n\\","/*csslint\\n\\","    box-sizing: false,\\n\\","    universal-selector: false\\n\\","*/\\n\\","* {\\n\\","    box-sizing: border-box;\\n\\","}\\n\\","body {\\n\\","    background: #dde;\\n\\","    font-family: Arial, Helvetica, sans-serif;\\n\\","    margin: 2rem;\\n\\","}\\n\\","body > * {\\n\\","    margin-bottom: 1rem;\\n\\","}\\n\\",".utility2FooterDiv {\\n\\","    margin-top: 20px;\\n\\","    text-align: center;\\n\\","}\\n\\","</style>\\n\\","<style>\\n\\","/*csslint\\n\\","*/\\n\\","textarea {\\n\\","    font-family: monospace;\\n\\","    height: 10rem;\\n\\","    width: 100%;\\n\\","}\\n\\","textarea[readonly] {\\n\\","    background: #ddd;\\n\\","}\\n\\","</style>\\n\\","</head>\\n\\","<body>\\n\\","<!-- utility2-comment\\n\\","<div id=\"ajaxProgressDiv1\" style=\"background: #d00; height: 2px; left: 0; margin: 0; padding: 0; position: fixed; top: 0; transition: background 0.5s, width 1.5s; width: 25%;\"></div>\\n\\","utility2-comment -->\\n\\","<h1>\\n\\","<!-- utility2-comment\\n\\","    <a\\n\\","        {{#if env.npm_package_homepage}}\\n\\","        href=\"{{env.npm_package_homepage}}\"\\n\\","        {{/if env.npm_package_homepage}}\\n\\","        target=\"_blank\"\\n\\","    >\\n\\","utility2-comment -->\\n\\","        {{env.npm_package_name}} (v{{env.npm_package_version}})\\n\\","<!-- utility2-comment\\n\\","    </a>\\n\\","utility2-comment -->\\n\\","</h1>\\n\\","<h3>{{env.npm_package_description}}</h3>\\n\\","<!-- utility2-comment\\n\\","<h4><a download href=\"assets.app.js\">download standalone app</a></h4>\\n\\","<button class=\"onclick onreset\" id=\"testRunButton1\">run internal test</button><br>\\n\\","<div id=\"testReportDiv1\" style=\"display: none;\"></div>\\n\\","utility2-comment -->\\n\\","\\n\\","\\n\\","\\n\\","<label>stderr and stdout</label>\\n\\","<textarea class=\"resettable\" id=\"outputTextareaStdout1\" readonly></textarea>\\n\\","<!-- utility2-comment\\n\\","{{#if isRollup}}\\n\\","<script src=\"assets.app.js\"></script>\\n\\","{{#unless isRollup}}\\n\\","utility2-comment -->\\n\\","<script src=\"assets.utility2.rollup.js\"></script>\\n\\","<script src=\"jsonp.utility2._stateInit?callback=window.utility2._stateInit\"></script>\\n\\","<script src=\"assets.npmtest_object_hash.rollup.js\"></script>\\n\\","<script src=\"assets.example.js\"></script>\\n\\","<script src=\"assets.test.js\"></script>\\n\\","<!-- utility2-comment\\n\\","{{/if isRollup}}\\n\\","utility2-comment -->\\n\\","<div class=\"utility2FooterDiv\">\\n\\","    [ this app was created with\\n\\","    <a href=\"https://github.com/kaizhu256/node-utility2\" target=\"_blank\">utility2</a>\\n\\","    ]\\n\\","</div>\\n\\","</body>\\n\\","</html>\\n\\","';","        /* jslint-ignore-end */","        if (local.templateRender) {","            local.assetsDict['/'] = local.templateRender(","                local.assetsDict['/assets.index.template.html'],","                {","                    env: local.objectSetDefault(local.env, {","                        npm_package_description: 'the greatest app in the world!',","                        npm_package_name: 'my-app',","                        npm_package_nameAlias: 'my_app',","                        npm_package_version: '0.0.1'","                    })","                }","            );","        } else {","            local.assetsDict['/'] = local.assetsDict['/assets.index.template.html']","                .replace((/\\{\\{env\\.(\\w+?)\\}\\}/g), function (match0, match1) {","                    // jslint-hack","                    String(match0);","                    switch (match1) {","                    case 'npm_package_description':","                        return 'the greatest app in the world!';","                    case 'npm_package_name':","                        return 'my-app';","                    case 'npm_package_nameAlias':","                        return 'my_app';","                    case 'npm_package_version':","                        return '0.0.1';","                    }","                });","        }","        // run the cli","        if (local.global.utility2_rollup || module !== require.main) {","            break;","        }","        local.assetsDict['/assets.example.js'] =","            local.assetsDict['/assets.example.js'] ||","            local.fs.readFileSync(__filename, 'utf8');","        local.assetsDict['/assets.npmtest_object_hash.rollup.js'] =","            local.assetsDict['/assets.npmtest_object_hash.rollup.js'] ||","            local.fs.readFileSync(","                // buildCustomOrg-hack","                local.npmtest_object_hash.__dirname +","                    '/lib.npmtest_object_hash.js',","                'utf8'","            ).replace((/^#!/), '//');","        local.assetsDict['/favicon.ico'] = local.assetsDict['/favicon.ico'] || '';","        // if $npm_config_timeout_exit exists,","        // then exit this process after $npm_config_timeout_exit ms","        if (Number(process.env.npm_config_timeout_exit)) {","            setTimeout(process.exit, Number(process.env.npm_config_timeout_exit));","        }","        // start server","        if (local.global.utility2_serverHttp1) {","            break;","        }","        process.env.PORT = process.env.PORT || '8081';","        console.error('server starting on port ' + process.env.PORT);","        local.http.createServer(function (request, response) {","            request.urlParsed = local.url.parse(request.url);","            if (local.assetsDict[request.urlParsed.pathname] !== undefined) {","                response.end(local.assetsDict[request.urlParsed.pathname]);","                return;","            }","            response.statusCode = 404;","            response.end();","        }).listen(process.env.PORT);","        break;","    }","}());",""],"l":{"26":2,"28":2,"33":2,"35":2,"37":2,"38":2,"39":2,"44":1,"51":2,"55":2,"59":2,"61":2,"69":1,"70":2,"76":2,"79":2,"82":2,"83":2,"85":1,"89":2,"92":1,"93":1,"94":1,"96":1,"97":1,"100":1,"101":1,"103":1,"106":1,"108":2,"114":1,"116":1,"118":1,"123":1,"124":2,"125":2,"126":2,"127":2,"128":2,"129":2,"130":1,"133":2,"134":2,"139":2,"143":1,"144":3,"145":1,"149":1,"150":1,"158":1,"160":1,"161":1,"162":1,"164":1,"166":1,"258":1,"259":1,"271":1,"274":6,"275":6,"277":1,"279":2,"281":1,"283":2,"288":1,"289":1,"291":1,"294":1,"302":1,"305":1,"306":1,"309":1,"310":1,"312":1,"313":1,"314":1,"315":1,"316":1,"317":1,"318":1,"320":1,"321":1,"323":1}},"/home/travis/build/npmtest/node-npmtest-object-hash/node_modules/object-hash/index.js":{"path":"/home/travis/build/npmtest/node-npmtest-object-hash/node_modules/object-hash/index.js","s":{"1":1,"2":1,"3":1,"4":0,"5":0,"6":1,"7":0,"8":1,"9":0,"10":1,"11":0,"12":1,"13":0,"14":1,"15":1,"16":1,"17":1,"18":0,"19":0,"20":0,"21":0,"22":0,"23":0,"24":0,"25":0,"26":0,"27":0,"28":0,"29":0,"30":0,"31":0,"32":0,"33":0,"34":0,"35":0,"36":0,"37":0,"38":0,"39":0,"40":0,"41":1,"42":0,"43":0,"44":0,"45":0,"46":1,"47":0,"48":0,"49":0,"50":0,"51":0,"52":0,"53":0,"54":0,"55":0,"56":0,"57":0,"58":0,"59":0,"60":0,"61":0,"62":0,"63":0,"64":1,"65":0,"66":0,"67":0,"68":0,"69":0,"70":1,"71":0,"72":0,"73":0,"74":0,"75":0,"76":0,"77":0,"78":0,"79":0,"80":0,"81":0,"82":0,"83":0,"84":0,"85":0,"86":0,"87":0,"88":0,"89":0,"90":0,"91":0,"92":0,"93":0,"94":0,"95":0,"96":0,"97":0,"98":0,"99":0,"100":0,"101":0,"102":0,"103":0,"104":0,"105":0,"106":0,"107":0,"108":0,"109":0,"110":0,"111":0,"112":0,"113":0,"114":0,"115":0,"116":0,"117":0,"118":0,"119":0,"120":0,"121":0,"122":0,"123":0,"124":0,"125":0,"126":0,"127":0,"128":0,"129":0,"130":0,"131":0,"132":0,"133":0,"134":0,"135":0,"136":0,"137":0,"138":0,"139":0,"140":0,"141":0,"142":0,"143":0,"144":0,"145":0,"146":0,"147":0,"148":0,"149":0,"150":0,"151":0,"152":0,"153":0,"154":0,"155":0,"156":0,"157":0,"158":0,"159":0,"160":0,"161":0,"162":0,"163":0,"164":0,"165":0,"166":0,"167":0,"168":0,"169":0,"170":0,"171":0,"172":0,"173":0,"174":0,"175":0,"176":0,"177":0,"178":0,"179":0,"180":0,"181":0,"182":0,"183":0,"184":0,"185":0,"186":0,"187":0,"188":0,"189":0,"190":0,"191":0,"192":0,"193":0,"194":0,"195":0,"196":0,"197":0,"198":1,"199":0,"200":0,"201":0,"202":0},"b":{"1":[1,0],"2":[0,0],"3":[0,0],"4":[0,0],"5":[0,0],"6":[0,0],"7":[0,0],"8":[0,0],"9":[0,0],"10":[0,0],"11":[0,0],"12":[0,0],"13":[0,0],"14":[0,0],"15":[0,0],"16":[0,0],"17":[0,0],"18":[0,0],"19":[0,0],"20":[0,0],"21":[0,0],"22":[0,0],"23":[0,0],"24":[0,0],"25":[0,0],"26":[0,0],"27":[0,0],"28":[0,0],"29":[0,0],"30":[0,0],"31":[0,0],"32":[0,0],"33":[0,0,0],"34":[0,0],"35":[0,0],"36":[0,0],"37":[0,0],"38":[0,0],"39":[0,0],"40":[0,0],"41":[0,0],"42":[0,0],"43":[0,0],"44":[0,0],"45":[0,0],"46":[0,0],"47":[0,0]},"f":{"1":0,"2":0,"3":0,"4":0,"5":0,"6":0,"7":0,"8":0,"9":0,"10":0,"11":0,"12":0,"13":0,"14":0,"15":0,"16":0,"17":0,"18":0,"19":0,"20":0,"21":0,"22":0,"23":0,"24":0,"25":0,"26":0,"27":0,"28":0,"29":0,"30":0,"31":0,"32":0,"33":0,"34":0,"35":0,"36":0,"37":0,"38":0,"39":0,"40":0,"41":0,"42":0,"43":0,"44":0,"45":0,"46":0,"47":0,"48":0,"49":0,"50":0,"51":0,"52":0,"53":0,"54":0,"55":0,"56":0,"57":0,"58":0,"59":0,"60":0,"61":0,"62":0,"63":0,"64":0},"fnMap":{"1":{"name":"objectHash","line":30,"loc":{"start":{"line":30,"column":0},"end":{"line":30,"column":36}}},"2":{"name":"(anonymous_2)","line":43,"loc":{"start":{"line":43,"column":15},"end":{"line":43,"column":31}}},"3":{"name":"(anonymous_3)","line":46,"loc":{"start":{"line":46,"column":15},"end":{"line":46,"column":31}}},"4":{"name":"(anonymous_4)","line":49,"loc":{"start":{"line":49,"column":14},"end":{"line":49,"column":30}}},"5":{"name":"(anonymous_5)","line":52,"loc":{"start":{"line":52,"column":18},"end":{"line":52,"column":34}}},"6":{"name":"applyDefaults","line":61,"loc":{"start":{"line":61,"column":0},"end":{"line":61,"column":39}}},"7":{"name":"isNativeFunction","line":103,"loc":{"start":{"line":103,"column":0},"end":{"line":103,"column":29}}},"8":{"name":"hash","line":111,"loc":{"start":{"line":111,"column":0},"end":{"line":111,"column":31}}},"9":{"name":"(anonymous_9)","line":150,"loc":{"start":{"line":150,"column":24},"end":{"line":150,"column":58}}},"10":{"name":"typeHasher","line":161,"loc":{"start":{"line":161,"column":0},"end":{"line":161,"column":46}}},"11":{"name":"(anonymous_11)","line":163,"loc":{"start":{"line":163,"column":14},"end":{"line":163,"column":28}}},"12":{"name":"(anonymous_12)","line":171,"loc":{"start":{"line":171,"column":14},"end":{"line":171,"column":29}}},"13":{"name":"(anonymous_13)","line":185,"loc":{"start":{"line":185,"column":13},"end":{"line":185,"column":30}}},"14":{"name":"(anonymous_14)","line":233,"loc":{"start":{"line":233,"column":28},"end":{"line":233,"column":41}}},"15":{"name":"(anonymous_15)","line":243,"loc":{"start":{"line":243,"column":12},"end":{"line":243,"column":36}}},"16":{"name":"(anonymous_16)","line":250,"loc":{"start":{"line":250,"column":27},"end":{"line":250,"column":43}}},"17":{"name":"(anonymous_17)","line":265,"loc":{"start":{"line":265,"column":28},"end":{"line":265,"column":44}}},"18":{"name":"(anonymous_18)","line":278,"loc":{"start":{"line":278,"column":11},"end":{"line":278,"column":25}}},"19":{"name":"(anonymous_19)","line":281,"loc":{"start":{"line":281,"column":13},"end":{"line":281,"column":26}}},"20":{"name":"(anonymous_20)","line":284,"loc":{"start":{"line":284,"column":12},"end":{"line":284,"column":25}}},"21":{"name":"(anonymous_21)","line":287,"loc":{"start":{"line":287,"column":14},"end":{"line":287,"column":28}}},"22":{"name":"(anonymous_22)","line":290,"loc":{"start":{"line":290,"column":13},"end":{"line":290,"column":29}}},"23":{"name":"(anonymous_23)","line":294,"loc":{"start":{"line":294,"column":15},"end":{"line":294,"column":27}}},"24":{"name":"(anonymous_24)","line":313,"loc":{"start":{"line":313,"column":13},"end":{"line":313,"column":29}}},"25":{"name":"(anonymous_25)","line":316,"loc":{"start":{"line":316,"column":10},"end":{"line":316,"column":23}}},"26":{"name":"(anonymous_26)","line":319,"loc":{"start":{"line":319,"column":11},"end":{"line":319,"column":22}}},"27":{"name":"(anonymous_27)","line":322,"loc":{"start":{"line":322,"column":16},"end":{"line":322,"column":27}}},"28":{"name":"(anonymous_28)","line":325,"loc":{"start":{"line":325,"column":13},"end":{"line":325,"column":28}}},"29":{"name":"(anonymous_29)","line":328,"loc":{"start":{"line":328,"column":17},"end":{"line":328,"column":30}}},"30":{"name":"(anonymous_30)","line":332,"loc":{"start":{"line":332,"column":24},"end":{"line":332,"column":37}}},"31":{"name":"(anonymous_31)","line":336,"loc":{"start":{"line":336,"column":16},"end":{"line":336,"column":29}}},"32":{"name":"(anonymous_32)","line":340,"loc":{"start":{"line":340,"column":18},"end":{"line":340,"column":31}}},"33":{"name":"(anonymous_33)","line":344,"loc":{"start":{"line":344,"column":17},"end":{"line":344,"column":30}}},"34":{"name":"(anonymous_34)","line":348,"loc":{"start":{"line":348,"column":18},"end":{"line":348,"column":31}}},"35":{"name":"(anonymous_35)","line":352,"loc":{"start":{"line":352,"column":17},"end":{"line":352,"column":30}}},"36":{"name":"(anonymous_36)","line":356,"loc":{"start":{"line":356,"column":19},"end":{"line":356,"column":32}}},"37":{"name":"(anonymous_37)","line":360,"loc":{"start":{"line":360,"column":19},"end":{"line":360,"column":32}}},"38":{"name":"(anonymous_38)","line":364,"loc":{"start":{"line":364,"column":18},"end":{"line":364,"column":31}}},"39":{"name":"(anonymous_39)","line":368,"loc":{"start":{"line":368,"column":10},"end":{"line":368,"column":24}}},"40":{"name":"(anonymous_40)","line":371,"loc":{"start":{"line":371,"column":10},"end":{"line":371,"column":24}}},"41":{"name":"(anonymous_41)","line":376,"loc":{"start":{"line":376,"column":10},"end":{"line":376,"column":24}}},"42":{"name":"(anonymous_42)","line":381,"loc":{"start":{"line":381,"column":11},"end":{"line":381,"column":22}}},"43":{"name":"(anonymous_43)","line":390,"loc":{"start":{"line":390,"column":16},"end":{"line":390,"column":27}}},"44":{"name":"(anonymous_44)","line":392,"loc":{"start":{"line":392,"column":14},"end":{"line":392,"column":25}}},"45":{"name":"(anonymous_45)","line":393,"loc":{"start":{"line":393,"column":12},"end":{"line":393,"column":23}}},"46":{"name":"(anonymous_46)","line":394,"loc":{"start":{"line":394,"column":11},"end":{"line":394,"column":22}}},"47":{"name":"(anonymous_47)","line":395,"loc":{"start":{"line":395,"column":10},"end":{"line":395,"column":21}}},"48":{"name":"(anonymous_48)","line":396,"loc":{"start":{"line":396,"column":10},"end":{"line":396,"column":21}}},"49":{"name":"(anonymous_49)","line":397,"loc":{"start":{"line":397,"column":10},"end":{"line":397,"column":21}}},"50":{"name":"(anonymous_50)","line":398,"loc":{"start":{"line":398,"column":18},"end":{"line":398,"column":29}}},"51":{"name":"(anonymous_51)","line":399,"loc":{"start":{"line":399,"column":20},"end":{"line":399,"column":31}}},"52":{"name":"(anonymous_52)","line":400,"loc":{"start":{"line":400,"column":17},"end":{"line":400,"column":28}}},"53":{"name":"(anonymous_53)","line":401,"loc":{"start":{"line":401,"column":11},"end":{"line":401,"column":22}}},"54":{"name":"(anonymous_54)","line":402,"loc":{"start":{"line":402,"column":14},"end":{"line":402,"column":25}}},"55":{"name":"(anonymous_55)","line":403,"loc":{"start":{"line":403,"column":17},"end":{"line":403,"column":28}}},"56":{"name":"(anonymous_56)","line":404,"loc":{"start":{"line":404,"column":17},"end":{"line":404,"column":28}}},"57":{"name":"(anonymous_57)","line":405,"loc":{"start":{"line":405,"column":15},"end":{"line":405,"column":26}}},"58":{"name":"(anonymous_58)","line":406,"loc":{"start":{"line":406,"column":13},"end":{"line":406,"column":24}}},"59":{"name":"(anonymous_59)","line":407,"loc":{"start":{"line":407,"column":14},"end":{"line":407,"column":25}}},"60":{"name":"(anonymous_60)","line":408,"loc":{"start":{"line":408,"column":14},"end":{"line":408,"column":25}}},"61":{"name":"PassThrough","line":416,"loc":{"start":{"line":416,"column":0},"end":{"line":416,"column":23}}},"62":{"name":"(anonymous_62)","line":420,"loc":{"start":{"line":420,"column":11},"end":{"line":420,"column":23}}},"63":{"name":"(anonymous_63)","line":424,"loc":{"start":{"line":424,"column":9},"end":{"line":424,"column":21}}},"64":{"name":"(anonymous_64)","line":428,"loc":{"start":{"line":428,"column":10},"end":{"line":428,"column":21}}}},"statementMap":{"1":{"start":{"line":3,"column":0},"end":{"line":3,"column":31}},"2":{"start":{"line":28,"column":0},"end":{"line":28,"column":38}},"3":{"start":{"line":30,"column":0},"end":{"line":34,"column":1}},"4":{"start":{"line":31,"column":2},"end":{"line":31,"column":43}},"5":{"start":{"line":33,"column":2},"end":{"line":33,"column":31}},"6":{"start":{"line":43,"column":0},"end":{"line":45,"column":2}},"7":{"start":{"line":44,"column":2},"end":{"line":44,"column":28}},"8":{"start":{"line":46,"column":0},"end":{"line":48,"column":2}},"9":{"start":{"line":47,"column":2},"end":{"line":47,"column":87}},"10":{"start":{"line":49,"column":0},"end":{"line":51,"column":2}},"11":{"start":{"line":50,"column":2},"end":{"line":50,"column":65}},"12":{"start":{"line":52,"column":0},"end":{"line":54,"column":2}},"13":{"start":{"line":53,"column":2},"end":{"line":53,"column":86}},"14":{"start":{"line":57,"column":0},"end":{"line":57,"column":77}},"15":{"start":{"line":58,"column":0},"end":{"line":58,"column":27}},"16":{"start":{"line":59,"column":0},"end":{"line":59,"column":54}},"17":{"start":{"line":61,"column":0},"end":{"line":100,"column":1}},"18":{"start":{"line":62,"column":2},"end":{"line":62,"column":26}},"19":{"start":{"line":63,"column":2},"end":{"line":63,"column":50}},"20":{"start":{"line":64,"column":2},"end":{"line":64,"column":47}},"21":{"start":{"line":65,"column":2},"end":{"line":65,"column":63}},"22":{"start":{"line":66,"column":2},"end":{"line":66,"column":54}},"23":{"start":{"line":67,"column":2},"end":{"line":67,"column":52}},"24":{"start":{"line":68,"column":2},"end":{"line":68,"column":72}},"25":{"start":{"line":69,"column":2},"end":{"line":69,"column":69}},"26":{"start":{"line":70,"column":2},"end":{"line":70,"column":87}},"27":{"start":{"line":71,"column":2},"end":{"line":71,"column":97}},"28":{"start":{"line":72,"column":2},"end":{"line":72,"column":76}},"29":{"start":{"line":73,"column":2},"end":{"line":73,"column":73}},"30":{"start":{"line":74,"column":2},"end":{"line":74,"column":51}},"31":{"start":{"line":76,"column":2},"end":{"line":78,"column":3}},"32":{"start":{"line":77,"column":4},"end":{"line":77,"column":49}},"33":{"start":{"line":82,"column":2},"end":{"line":86,"column":3}},"34":{"start":{"line":83,"column":4},"end":{"line":85,"column":5}},"35":{"start":{"line":84,"column":6},"end":{"line":84,"column":36}},"36":{"start":{"line":88,"column":2},"end":{"line":91,"column":3}},"37":{"start":{"line":89,"column":4},"end":{"line":90,"column":48}},"38":{"start":{"line":93,"column":2},"end":{"line":97,"column":3}},"39":{"start":{"line":95,"column":4},"end":{"line":96,"column":51}},"40":{"start":{"line":99,"column":2},"end":{"line":99,"column":17}},"41":{"start":{"line":103,"column":0},"end":{"line":109,"column":1}},"42":{"start":{"line":104,"column":2},"end":{"line":106,"column":3}},"43":{"start":{"line":105,"column":4},"end":{"line":105,"column":17}},"44":{"start":{"line":107,"column":2},"end":{"line":107,"column":68}},"45":{"start":{"line":108,"column":2},"end":{"line":108,"column":63}},"46":{"start":{"line":111,"column":0},"end":{"line":140,"column":1}},"47":{"start":{"line":112,"column":2},"end":{"line":112,"column":20}},"48":{"start":{"line":114,"column":2},"end":{"line":118,"column":3}},"49":{"start":{"line":115,"column":4},"end":{"line":115,"column":57}},"50":{"start":{"line":117,"column":4},"end":{"line":117,"column":38}},"51":{"start":{"line":120,"column":2},"end":{"line":123,"column":3}},"52":{"start":{"line":121,"column":4},"end":{"line":121,"column":47}},"53":{"start":{"line":122,"column":4},"end":{"line":122,"column":47}},"54":{"start":{"line":125,"column":2},"end":{"line":125,"column":50}},"55":{"start":{"line":126,"column":2},"end":{"line":126,"column":26}},"56":{"start":{"line":127,"column":2},"end":{"line":128,"column":25}},"57":{"start":{"line":128,"column":4},"end":{"line":128,"column":25}},"58":{"start":{"line":130,"column":2},"end":{"line":132,"column":3}},"59":{"start":{"line":131,"column":4},"end":{"line":131,"column":94}},"60":{"start":{"line":134,"column":2},"end":{"line":134,"column":33}},"61":{"start":{"line":135,"column":2},"end":{"line":137,"column":3}},"62":{"start":{"line":136,"column":4},"end":{"line":136,"column":15}},"63":{"start":{"line":139,"column":2},"end":{"line":139,"column":40}},"64":{"start":{"line":150,"column":0},"end":{"line":159,"column":2}},"65":{"start":{"line":151,"column":2},"end":{"line":154,"column":3}},"66":{"start":{"line":152,"column":4},"end":{"line":152,"column":21}},"67":{"start":{"line":153,"column":4},"end":{"line":153,"column":17}},"68":{"start":{"line":156,"column":2},"end":{"line":156,"column":43}},"69":{"start":{"line":158,"column":2},"end":{"line":158,"column":54}},"70":{"start":{"line":161,"column":0},"end":{"line":410,"column":1}},"71":{"start":{"line":162,"column":2},"end":{"line":162,"column":26}},"72":{"start":{"line":163,"column":2},"end":{"line":168,"column":3}},"73":{"start":{"line":164,"column":4},"end":{"line":167,"column":40}},"74":{"start":{"line":165,"column":6},"end":{"line":165,"column":41}},"75":{"start":{"line":167,"column":6},"end":{"line":167,"column":40}},"76":{"start":{"line":170,"column":2},"end":{"line":409,"column":4}},"77":{"start":{"line":172,"column":6},"end":{"line":174,"column":7}},"78":{"start":{"line":173,"column":8},"end":{"line":173,"column":40}},"79":{"start":{"line":176,"column":6},"end":{"line":176,"column":30}},"80":{"start":{"line":177,"column":6},"end":{"line":179,"column":7}},"81":{"start":{"line":178,"column":8},"end":{"line":178,"column":22}},"82":{"start":{"line":183,"column":6},"end":{"line":183,"column":37}},"83":{"start":{"line":186,"column":6},"end":{"line":186,"column":41}},"84":{"start":{"line":187,"column":6},"end":{"line":187,"column":61}},"85":{"start":{"line":188,"column":6},"end":{"line":188,"column":44}},"86":{"start":{"line":189,"column":6},"end":{"line":193,"column":7}},"87":{"start":{"line":190,"column":8},"end":{"line":190,"column":48}},"88":{"start":{"line":192,"column":8},"end":{"line":192,"column":29}},"89":{"start":{"line":195,"column":6},"end":{"line":195,"column":38}},"90":{"start":{"line":197,"column":6},"end":{"line":197,"column":30}},"91":{"start":{"line":199,"column":6},"end":{"line":203,"column":7}},"92":{"start":{"line":200,"column":8},"end":{"line":200,"column":64}},"93":{"start":{"line":202,"column":8},"end":{"line":202,"column":29}},"94":{"start":{"line":205,"column":6},"end":{"line":208,"column":7}},"95":{"start":{"line":206,"column":8},"end":{"line":206,"column":25}},"96":{"start":{"line":207,"column":8},"end":{"line":207,"column":29}},"97":{"start":{"line":210,"column":6},"end":{"line":241,"column":7}},"98":{"start":{"line":211,"column":8},"end":{"line":217,"column":9}},"99":{"start":{"line":212,"column":10},"end":{"line":212,"column":38}},"100":{"start":{"line":213,"column":15},"end":{"line":217,"column":9}},"101":{"start":{"line":214,"column":10},"end":{"line":214,"column":44}},"102":{"start":{"line":216,"column":10},"end":{"line":216,"column":67}},"103":{"start":{"line":219,"column":8},"end":{"line":219,"column":46}},"104":{"start":{"line":227,"column":8},"end":{"line":229,"column":9}},"105":{"start":{"line":228,"column":10},"end":{"line":228,"column":69}},"106":{"start":{"line":231,"column":8},"end":{"line":231,"column":45}},"107":{"start":{"line":232,"column":8},"end":{"line":232,"column":24}},"108":{"start":{"line":233,"column":8},"end":{"line":240,"column":11}},"109":{"start":{"line":234,"column":10},"end":{"line":234,"column":29}},"110":{"start":{"line":235,"column":10},"end":{"line":235,"column":21}},"111":{"start":{"line":236,"column":10},"end":{"line":238,"column":11}},"112":{"start":{"line":237,"column":12},"end":{"line":237,"column":39}},"113":{"start":{"line":239,"column":10},"end":{"line":239,"column":21}},"114":{"start":{"line":244,"column":6},"end":{"line":245,"column":42}},"115":{"start":{"line":247,"column":6},"end":{"line":247,"column":22}},"116":{"start":{"line":248,"column":6},"end":{"line":248,"column":41}},"117":{"start":{"line":249,"column":6},"end":{"line":253,"column":7}},"118":{"start":{"line":250,"column":8},"end":{"line":252,"column":11}},"119":{"start":{"line":251,"column":10},"end":{"line":251,"column":38}},"120":{"start":{"line":264,"column":6},"end":{"line":264,"column":32}},"121":{"start":{"line":265,"column":6},"end":{"line":273,"column":9}},"122":{"start":{"line":266,"column":8},"end":{"line":266,"column":37}},"123":{"start":{"line":267,"column":8},"end":{"line":267,"column":43}},"124":{"start":{"line":268,"column":8},"end":{"line":268,"column":61}},"125":{"start":{"line":269,"column":8},"end":{"line":269,"column":31}},"126":{"start":{"line":271,"column":8},"end":{"line":271,"column":87}},"127":{"start":{"line":272,"column":8},"end":{"line":272,"column":38}},"128":{"start":{"line":274,"column":6},"end":{"line":274,"column":49}},"129":{"start":{"line":275,"column":6},"end":{"line":275,"column":21}},"130":{"start":{"line":276,"column":6},"end":{"line":276,"column":41}},"131":{"start":{"line":279,"column":6},"end":{"line":279,"column":44}},"132":{"start":{"line":282,"column":6},"end":{"line":282,"column":47}},"133":{"start":{"line":285,"column":6},"end":{"line":285,"column":46}},"134":{"start":{"line":288,"column":6},"end":{"line":288,"column":46}},"135":{"start":{"line":291,"column":6},"end":{"line":291,"column":45}},"136":{"start":{"line":292,"column":6},"end":{"line":292,"column":20}},"137":{"start":{"line":295,"column":6},"end":{"line":295,"column":19}},"138":{"start":{"line":296,"column":6},"end":{"line":300,"column":7}},"139":{"start":{"line":297,"column":8},"end":{"line":297,"column":34}},"140":{"start":{"line":299,"column":8},"end":{"line":299,"column":37}},"141":{"start":{"line":302,"column":6},"end":{"line":307,"column":7}},"142":{"start":{"line":306,"column":8},"end":{"line":306,"column":58}},"143":{"start":{"line":309,"column":6},"end":{"line":311,"column":7}},"144":{"start":{"line":310,"column":8},"end":{"line":310,"column":25}},"145":{"start":{"line":314,"column":6},"end":{"line":314,"column":50}},"146":{"start":{"line":317,"column":6},"end":{"line":317,"column":44}},"147":{"start":{"line":320,"column":6},"end":{"line":320,"column":27}},"148":{"start":{"line":323,"column":6},"end":{"line":323,"column":32}},"149":{"start":{"line":326,"column":6},"end":{"line":326,"column":48}},"150":{"start":{"line":329,"column":6},"end":{"line":329,"column":27}},"151":{"start":{"line":330,"column":6},"end":{"line":330,"column":60}},"152":{"start":{"line":333,"column":6},"end":{"line":333,"column":34}},"153":{"start":{"line":334,"column":6},"end":{"line":334,"column":60}},"154":{"start":{"line":337,"column":6},"end":{"line":337,"column":27}},"155":{"start":{"line":338,"column":6},"end":{"line":338,"column":60}},"156":{"start":{"line":341,"column":6},"end":{"line":341,"column":28}},"157":{"start":{"line":342,"column":6},"end":{"line":342,"column":60}},"158":{"start":{"line":345,"column":6},"end":{"line":345,"column":28}},"159":{"start":{"line":346,"column":6},"end":{"line":346,"column":60}},"160":{"start":{"line":349,"column":6},"end":{"line":349,"column":28}},"161":{"start":{"line":350,"column":6},"end":{"line":350,"column":60}},"162":{"start":{"line":353,"column":6},"end":{"line":353,"column":28}},"163":{"start":{"line":354,"column":6},"end":{"line":354,"column":60}},"164":{"start":{"line":357,"column":6},"end":{"line":357,"column":29}},"165":{"start":{"line":358,"column":6},"end":{"line":358,"column":60}},"166":{"start":{"line":361,"column":6},"end":{"line":361,"column":29}},"167":{"start":{"line":362,"column":6},"end":{"line":362,"column":60}},"168":{"start":{"line":365,"column":6},"end":{"line":365,"column":28}},"169":{"start":{"line":366,"column":6},"end":{"line":366,"column":48}},"170":{"start":{"line":369,"column":6},"end":{"line":369,"column":52}},"171":{"start":{"line":372,"column":6},"end":{"line":372,"column":20}},"172":{"start":{"line":373,"column":6},"end":{"line":373,"column":32}},"173":{"start":{"line":374,"column":6},"end":{"line":374,"column":63}},"174":{"start":{"line":377,"column":6},"end":{"line":377,"column":20}},"175":{"start":{"line":378,"column":6},"end":{"line":378,"column":32}},"176":{"start":{"line":379,"column":6},"end":{"line":379,"column":63}},"177":{"start":{"line":382,"column":6},"end":{"line":384,"column":7}},"178":{"start":{"line":383,"column":8},"end":{"line":383,"column":31}},"179":{"start":{"line":386,"column":6},"end":{"line":388,"column":63}},"180":{"start":{"line":390,"column":29},"end":{"line":390,"column":55}},"181":{"start":{"line":392,"column":27},"end":{"line":392,"column":51}},"182":{"start":{"line":393,"column":25},"end":{"line":393,"column":47}},"183":{"start":{"line":394,"column":24},"end":{"line":394,"column":45}},"184":{"start":{"line":395,"column":23},"end":{"line":395,"column":43}},"185":{"start":{"line":396,"column":23},"end":{"line":396,"column":43}},"186":{"start":{"line":397,"column":23},"end":{"line":397,"column":43}},"187":{"start":{"line":398,"column":31},"end":{"line":398,"column":59}},"188":{"start":{"line":399,"column":33},"end":{"line":399,"column":63}},"189":{"start":{"line":400,"column":30},"end":{"line":400,"column":57}},"190":{"start":{"line":401,"column":24},"end":{"line":401,"column":45}},"191":{"start":{"line":402,"column":27},"end":{"line":402,"column":51}},"192":{"start":{"line":403,"column":30},"end":{"line":403,"column":57}},"193":{"start":{"line":404,"column":30},"end":{"line":404,"column":57}},"194":{"start":{"line":405,"column":28},"end":{"line":405,"column":53}},"195":{"start":{"line":406,"column":26},"end":{"line":406,"column":49}},"196":{"start":{"line":407,"column":27},"end":{"line":407,"column":51}},"197":{"start":{"line":408,"column":27},"end":{"line":408,"column":51}},"198":{"start":{"line":416,"column":0},"end":{"line":432,"column":1}},"199":{"start":{"line":417,"column":2},"end":{"line":431,"column":4}},"200":{"start":{"line":421,"column":6},"end":{"line":421,"column":20}},"201":{"start":{"line":425,"column":6},"end":{"line":425,"column":20}},"202":{"start":{"line":429,"column":6},"end":{"line":429,"column":22}}},"branchMap":{"1":{"line":57,"type":"cond-expr","locations":[{"start":{"line":57,"column":32},"end":{"line":57,"column":58}},{"start":{"line":57,"column":61},"end":{"line":57,"column":76}}]},"2":{"line":62,"type":"binary-expr","locations":[{"start":{"line":62,"column":12},"end":{"line":62,"column":19}},{"start":{"line":62,"column":23},"end":{"line":62,"column":25}}]},"3":{"line":63,"type":"binary-expr","locations":[{"start":{"line":63,"column":22},"end":{"line":63,"column":39}},{"start":{"line":63,"column":43},"end":{"line":63,"column":49}}]},"4":{"line":64,"type":"binary-expr","locations":[{"start":{"line":64,"column":21},"end":{"line":64,"column":37}},{"start":{"line":64,"column":41},"end":{"line":64,"column":46}}]},"5":{"line":65,"type":"cond-expr","locations":[{"start":{"line":65,"column":50},"end":{"line":65,"column":54}},{"start":{"line":65,"column":57},"end":{"line":65,"column":62}}]},"6":{"line":68,"type":"cond-expr","locations":[{"start":{"line":68,"column":59},"end":{"line":68,"column":64}},{"start":{"line":68,"column":67},"end":{"line":68,"column":71}}]},"7":{"line":69,"type":"cond-expr","locations":[{"start":{"line":69,"column":56},"end":{"line":69,"column":61}},{"start":{"line":69,"column":64},"end":{"line":69,"column":68}}]},"8":{"line":70,"type":"cond-expr","locations":[{"start":{"line":70,"column":74},"end":{"line":70,"column":79}},{"start":{"line":70,"column":82},"end":{"line":70,"column":86}}]},"9":{"line":71,"type":"cond-expr","locations":[{"start":{"line":71,"column":84},"end":{"line":71,"column":89}},{"start":{"line":71,"column":92},"end":{"line":71,"column":96}}]},"10":{"line":72,"type":"cond-expr","locations":[{"start":{"line":72,"column":63},"end":{"line":72,"column":68}},{"start":{"line":72,"column":71},"end":{"line":72,"column":75}}]},"11":{"line":73,"type":"cond-expr","locations":[{"start":{"line":73,"column":60},"end":{"line":73,"column":65}},{"start":{"line":73,"column":68},"end":{"line":73,"column":72}}]},"12":{"line":74,"type":"binary-expr","locations":[{"start":{"line":74,"column":21},"end":{"line":74,"column":37}},{"start":{"line":74,"column":41},"end":{"line":74,"column":50}}]},"13":{"line":76,"type":"if","locations":[{"start":{"line":76,"column":2},"end":{"line":76,"column":2}},{"start":{"line":76,"column":2},"end":{"line":76,"column":2}}]},"14":{"line":83,"type":"if","locations":[{"start":{"line":83,"column":4},"end":{"line":83,"column":4}},{"start":{"line":83,"column":4},"end":{"line":83,"column":4}}]},"15":{"line":88,"type":"if","locations":[{"start":{"line":88,"column":2},"end":{"line":88,"column":2}},{"start":{"line":88,"column":2},"end":{"line":88,"column":2}}]},"16":{"line":93,"type":"if","locations":[{"start":{"line":93,"column":2},"end":{"line":93,"column":2}},{"start":{"line":93,"column":2},"end":{"line":93,"column":2}}]},"17":{"line":93,"type":"binary-expr","locations":[{"start":{"line":93,"column":5},"end":{"line":93,"column":47}},{"start":{"line":94,"column":5},"end":{"line":94,"column":40}}]},"18":{"line":104,"type":"if","locations":[{"start":{"line":104,"column":2},"end":{"line":104,"column":2}},{"start":{"line":104,"column":2},"end":{"line":104,"column":2}}]},"19":{"line":114,"type":"if","locations":[{"start":{"line":114,"column":2},"end":{"line":114,"column":2}},{"start":{"line":114,"column":2},"end":{"line":114,"column":2}}]},"20":{"line":120,"type":"if","locations":[{"start":{"line":120,"column":2},"end":{"line":120,"column":2}},{"start":{"line":120,"column":2},"end":{"line":120,"column":2}}]},"21":{"line":127,"type":"if","locations":[{"start":{"line":127,"column":2},"end":{"line":127,"column":2}},{"start":{"line":127,"column":2},"end":{"line":127,"column":2}}]},"22":{"line":130,"type":"if","locations":[{"start":{"line":130,"column":2},"end":{"line":130,"column":2}},{"start":{"line":130,"column":2},"end":{"line":130,"column":2}}]},"23":{"line":131,"type":"cond-expr","locations":[{"start":{"line":131,"column":64},"end":{"line":131,"column":73}},{"start":{"line":131,"column":76},"end":{"line":131,"column":92}}]},"24":{"line":135,"type":"if","locations":[{"start":{"line":135,"column":2},"end":{"line":135,"column":2}},{"start":{"line":135,"column":2},"end":{"line":135,"column":2}}]},"25":{"line":151,"type":"if","locations":[{"start":{"line":151,"column":2},"end":{"line":151,"column":2}},{"start":{"line":151,"column":2},"end":{"line":151,"column":2}}]},"26":{"line":162,"type":"binary-expr","locations":[{"start":{"line":162,"column":12},"end":{"line":162,"column":19}},{"start":{"line":162,"column":23},"end":{"line":162,"column":25}}]},"27":{"line":164,"type":"if","locations":[{"start":{"line":164,"column":4},"end":{"line":164,"column":4}},{"start":{"line":164,"column":4},"end":{"line":164,"column":4}}]},"28":{"line":172,"type":"if","locations":[{"start":{"line":172,"column":6},"end":{"line":172,"column":6}},{"start":{"line":172,"column":6},"end":{"line":172,"column":6}}]},"29":{"line":177,"type":"if","locations":[{"start":{"line":177,"column":6},"end":{"line":177,"column":6}},{"start":{"line":177,"column":6},"end":{"line":177,"column":6}}]},"30":{"line":189,"type":"if","locations":[{"start":{"line":189,"column":6},"end":{"line":189,"column":6}},{"start":{"line":189,"column":6},"end":{"line":189,"column":6}}]},"31":{"line":199,"type":"if","locations":[{"start":{"line":199,"column":6},"end":{"line":199,"column":6}},{"start":{"line":199,"column":6},"end":{"line":199,"column":6}}]},"32":{"line":205,"type":"if","locations":[{"start":{"line":205,"column":6},"end":{"line":205,"column":6}},{"start":{"line":205,"column":6},"end":{"line":205,"column":6}}]},"33":{"line":205,"type":"binary-expr","locations":[{"start":{"line":205,"column":10},"end":{"line":205,"column":39}},{"start":{"line":205,"column":43},"end":{"line":205,"column":58}},{"start":{"line":205,"column":62},"end":{"line":205,"column":85}}]},"34":{"line":210,"type":"if","locations":[{"start":{"line":210,"column":6},"end":{"line":210,"column":6}},{"start":{"line":210,"column":6},"end":{"line":210,"column":6}}]},"35":{"line":210,"type":"binary-expr","locations":[{"start":{"line":210,"column":9},"end":{"line":210,"column":29}},{"start":{"line":210,"column":33},"end":{"line":210,"column":55}}]},"36":{"line":211,"type":"if","locations":[{"start":{"line":211,"column":8},"end":{"line":211,"column":8}},{"start":{"line":211,"column":8},"end":{"line":211,"column":8}}]},"37":{"line":213,"type":"if","locations":[{"start":{"line":213,"column":15},"end":{"line":213,"column":15}},{"start":{"line":213,"column":15},"end":{"line":213,"column":15}}]},"38":{"line":227,"type":"if","locations":[{"start":{"line":227,"column":8},"end":{"line":227,"column":8}},{"start":{"line":227,"column":8},"end":{"line":227,"column":8
[...]
bject.prototype.toString.call(object);","      var objType = pattern.exec(objString);","      if (!objType) { // object type did not match [object ...]","        objType = 'unknown:[' + objString + ']';","      } else {","        objType = objType[1]; // take only the class name","      }","      ","      objType = objType.toLowerCase();","            ","      var objectNumber = null;","","      if ((objectNumber = context.indexOf(object)) >= 0) {","        return this.dispatch('[CIRCULAR:' + objectNumber + ']');","      } else {","        context.push(object);","      }","      ","      if (typeof Buffer !== 'undefined' && Buffer.isBuffer && Buffer.isBuffer(object)) {","        write('buffer:');","        return write(object);","      }","","      if(objType !== 'object' && objType !== 'function') {","        if(this['_' + objType]) {","          this['_' + objType](object);","        } else if (options.ignoreUnknown) {","          return write('[' + objType + ']');","        } else {","          throw new Error('Unknown object type \"' + objType + '\"');","        }","      }else{","        var keys = Object.keys(object).sort();","        // Make sure to incorporate special properties, so","        // Types with different prototypes will produce","        // a different hash and objects derived from","        // different functions (`new Foo`, `new Bar`) will","        // produce different hashes.","        // We never do this for native functions since some","        // seem to break because of that.","        if (options.respectType !== false && !isNativeFunction(object)) {","          keys.splice(0, 0, 'prototype', '__proto__', 'constructor');","        }","        ","        write('object:' + keys.length + ':');","        var self = this;","        return keys.forEach(function(key){","          self.dispatch(key);","          write(':');","          if(!options.excludeValues) {","            self.dispatch(object[key]);","          }","          write(',');","        });","      }","    },","    _array: function(arr, unordered){","      unordered = typeof unordered !== 'undefined' ? unordered :","        options.unorderedArrays !== false; // default to options.unorderedArrays","      ","      var self = this;","      write('array:' + arr.length + ':');","      if (!unordered || arr.length <= 1) {","        return arr.forEach(function(entry) {","          return self.dispatch(entry);","        });","      }","      ","      // the unordered case is a little more complicated:","      // since there is no canonical ordering on objects,","      // i.e. {a:1} < {a:2} and {a:1} > {a:2} are both false,","      // we first serialize each entry using a PassThrough stream","      // before sorting.","      // also: we can’t use the same context array for all entries","      // since the order of hashing should *not* matter. instead,","      // we keep track of the additions to a copy of the context array","      // and add all of them to the global context array when we’re done","      var contextAdditions = [];","      var entries = arr.map(function(entry) {","        var strm = new PassThrough();","        var localContext = context.slice(); // make copy","        var hasher = typeHasher(options, strm, localContext);","        hasher.dispatch(entry);","        // take only what was added to localContext and append it to contextAdditions","        contextAdditions = contextAdditions.concat(localContext.slice(context.length));","        return strm.read().toString();","      });","      context = context.concat(contextAdditions);","      entries.sort();","      return this._array(entries, false);","    },","    _date: function(date){","      return write('date:' + date.toJSON());","    },","    _symbol: function(sym){","      return write('symbol:' + sym.toString());","    },","    _error: function(err){","      return write('error:' + err.toString());","    },","    _boolean: function(bool){","      return write('bool:' + bool.toString());","    },","    _string: function(string){","      write('string:' + string.length + ':');","      write(string);","    },","    _function: function(fn){","      write('fn:');","      if (isNativeFunction(fn)) {","        this.dispatch('[native]');","      } else {","        this.dispatch(fn.toString());","      }","","      if (options.respectFunctionNames !== false) {","        // Make sure we can still distinguish native functions","        // by their name, otherwise String and Function will","        // have the same hash","        this.dispatch(\"function-name:\" + String(fn.name));","      }","      ","      if (options.respectFunctionProperties) {","        this._object(fn);","      }","    },","    _number: function(number){","      return write('number:' + number.toString());","    },","    _xml: function(xml){","      return write('xml:' + xml.toString());","    },","    _null: function() {","      return write('Null');","    },","    _undefined: function() {","      return write('Undefined');","    },","    _regexp: function(regex){","      return write('regex:' + regex.toString());","    },","    _uint8array: function(arr){","      write('uint8array:');","      return this.dispatch(Array.prototype.slice.call(arr));","    },","    _uint8clampedarray: function(arr){","      write('uint8clampedarray:');","      return this.dispatch(Array.prototype.slice.call(arr));","    },","    _int8array: function(arr){","      write('uint8array:');","      return this.dispatch(Array.prototype.slice.call(arr));","    },","    _uint16array: function(arr){","      write('uint16array:');","      return this.dispatch(Array.prototype.slice.call(arr));","    },","    _int16array: function(arr){","      write('uint16array:');","      return this.dispatch(Array.prototype.slice.call(arr));","    },","    _uint32array: function(arr){","      write('uint32array:');","      return this.dispatch(Array.prototype.slice.call(arr));","    },","    _int32array: function(arr){","      write('uint32array:');","      return this.dispatch(Array.prototype.slice.call(arr));","    },","    _float32array: function(arr){","      write('float32array:');","      return this.dispatch(Array.prototype.slice.call(arr));","    },","    _float64array: function(arr){","      write('float64array:');","      return this.dispatch(Array.prototype.slice.call(arr));","    },","    _arraybuffer: function(arr){","      write('arraybuffer:');","      return this.dispatch(new Uint8Array(arr));","    },","    _url: function(url) {","      return write('url:' + url.toString(), 'utf8');","    },","    _map: function(map) {","      write('map:');","      var arr = Array.from(map);","      return this._array(arr, options.unorderedSets !== false);","    },","    _set: function(set) {","      write('set:');","      var arr = Array.from(set);","      return this._array(arr, options.unorderedSets !== false);","    },","    _blob: function() {","      if (options.ignoreUnknown) {","        return write('[blob]');","      }","      ","      throw Error('Hashing Blob objects is currently not supported\\n' +","        '(see https://github.com/puleos/object-hash/issues/26)\\n' +","        'Use \"options.replacer\" or \"options.ignoreUnknown\"\\n');","    },","    _domwindow: function() { return write('domwindow'); },","    /* Node.js standard native objects */","    _process: function() { return write('process'); },","    _timer: function() { return write('timer'); },","    _pipe: function() { return write('pipe'); },","    _tcp: function() { return write('tcp'); },","    _udp: function() { return write('udp'); },","    _tty: function() { return write('tty'); },","    _statwatcher: function() { return write('statwatcher'); },","    _securecontext: function() { return write('securecontext'); },","    _connection: function() { return write('connection'); },","    _zlib: function() { return write('zlib'); },","    _context: function() { return write('context'); },","    _nodescript: function() { return write('nodescript'); },","    _httpparser: function() { return write('httpparser'); },","    _dataview: function() { return write('dataview'); },","    _signal: function() { return write('signal'); },","    _fsevent: function() { return write('fsevent'); },","    _tlswrap: function() { return write('tlswrap'); }","  };","}","","// Mini-implementation of stream.PassThrough","// We are far from having need for the full implementation, and we can","// make assumtions like \"many writes, then only one final read\"","// and we can ignore encoding specifics","function PassThrough() {","  return {","    buf: '',","","    write: function(b) {","      this.buf += b;","    },","","    end: function(b) {","      this.buf += b;","    },","","    read: function() {","      return this.buf;","    }","  };","}",""],"l":{"3":1,"28":1,"30":1,"31":0,"33":0,"43":1,"44":0,"46":1,"47":0,"49":1,"50":0,"52":1,"53":0,"57":1,"58":1,"59":1,"61":1,"62":0,"63":0,"64":0,"65":0,"66":0,"67":0,"68":0,"69":0,"70":0,"71":0,"72":0,"73":0,"74":0,"76":0,"77":0,"82":0,"83":0,"84":0,"88":0,"89":0,"93":0,"95":0,"99":0,"103":1,"104":0,"105":0,"107":0,"108":0,"111":1,"112":0,"114":0,"115":0,"117":0,"120":0,"121":0,"122":0,"125":0,"126":0,"127":0,"128":0,"130":0,"131":0,"134":0,"135":0,"136":0,"139":0,"150":1,"151":0,"152":0,"153":0,"156":0,"158":0,"161":1,"162":0,"163":0,"164":0,"165":0,"167":0,"170":0,"172":0,"173":0,"176":0,"177":0,"178":0,"183":0,"186":0,"187":0,"188":0,"189":0,"190":0,"192":0,"195":0,"197":0,"199":0,"200":0,"202":0,"205":0,"206":0,"207":0,"210":0,"211":0,"212":0,"213":0,"214":0,"216":0,"219":0,"227":0,"228":0,"231":0,"232":0,"233":0,"234":0,"235":0,"236":0,"237":0,"239":0,"244":0,"247":0,"248":0,"249":0,"250":0,"251":0,"264":0,"265":0,"266":0,"267":0,"268":0,"269":0,"271":0,"272":0,"274":0,"275":0,"276":0,"279":0,"282":0,"285":0,"288":0,"291":0,"292":0,"295":0,"296":0,"297":0,"299":0,"302":0,"306":0,"309":0,"310":0,"314":0,"317":0,"320":0,"323":0,"326":0,"329":0,"330":0,"333":0,"334":0,"337":0,"338":0,"341":0,"342":0,"345":0,"346":0,"349":0,"350":0,"353":0,"354":0,"357":0,"358":0,"361":0,"362":0,"365":0,"366":0,"369":0,"372":0,"373":0,"374":0,"377":0,"378":0,"379":0,"382":0,"383":0,"386":0,"390":0,"392":0,"393":0,"394":0,"395":0,"396":0,"397":0,"398":0,"399":0,"400":0,"401":0,"402":0,"403":0,"404":0,"405":0,"406":0,"407":0,"408":0,"416":1,"417":0,"421":0,"425":0,"429":0}},"/home/travis/build/npmtest/node-npmtest-object-hash/node_modules/object-hash/gulpfile.js":{"path":"/home/travis/build/npmtest/node-npmtest-object-hash/node_modules/object-hash/gulpfile.js","s":{"1":2,"2":0,"3":0,"4":0,"5":0,"6":0,"7":0,"8":0,"9":0,"10":0,"11":0,"12":0,"13":1,"14":0,"15":1,"16":0,"17":1,"18":0,"19":1,"20":0,"21":0,"22":0,"23":0,"24":0,"25":0,"26":0,"27":0,"28":0,"29":0,"30":0,"31":0,"32":0,"33":0,"34":0,"35":0,"36":0,"37":0,"38":0,"39":0},"b":{"1":[0,0]},"f":{"1":0,"2":0,"3":0,"4":0,"5":0,"6":0,"7":0,"8":0,"9":0,"10":0,"11":0,"12":0},"fnMap":{"1":{"name":"preTest","line":20,"loc":{"start":{"line":20,"column":0},"end":{"line":20,"column":22}}},"2":{"name":"test","line":26,"loc":{"start":{"line":26,"column":0},"end":{"line":26,"column":18}}},"3":{"name":"testKarma","line":32,"loc":{"start":{"line":32,"column":0},"end":{"line":32,"column":24}}},"4":{"name":"lint","line":39,"loc":{"start":{"line":39,"column":0},"end":{"line":39,"column":18}}},"5":{"name":"(anonymous_5)","line":45,"loc":{"start":{"line":45,"column":18},"end":{"line":45,"column":28}}},"6":{"name":"(anonymous_6)","line":62,"loc":{"start":{"line":62,"column":22},"end":{"line":62,"column":33}}},"7":{"name":"(anonymous_7)","line":66,"loc":{"start":{"line":66,"column":32},"end":{"line":66,"column":43}}},"8":{"name":"(anonymous_8)","line":70,"loc":{"start":{"line":70,"column":19},"end":{"line":70,"column":30}}},"9":{"name":"(anonymous_9)","line":74,"loc":{"start":{"line":74,"column":23},"end":{"line":74,"column":34}}},"10":{"name":"(anonymous_10)","line":79,"loc":{"start":{"line":79,"column":18},"end":{"line":79,"column":30}}},"11":{"name":"(anonymous_11)","line":83,"loc":{"start":{"line":83,"column":19},"end":{"line":83,"column":31}}},"12":{"name":"(anonymous_12)","line":86,"loc":{"start":{"line":86,"column":41},"end":{"line":86,"column":56}}}},"statementMap":{"1":{"start":{"line":3,"column":0},"end":{"line":3,"column":27}},"2":{"start":{"line":4,"column":0},"end":{"line":4,"column":36}},"3":{"start":{"line":5,"column":0},"end":{"line":5,"column":32}},"4":{"start":{"line":6,"column":0},"end":{"line":6,"column":40}},"5":{"start":{"line":7,"column":0},"end":{"line":7,"column":44}},"6":{"start":{"line":8,"column":0},"end":{"line":8,"column":36}},"7":{"start":{"line":9,"column":0},"end":{"line":9,"column":36}},"8":{"start":{"line":10,"column":0},"end":{"line":10,"column":29}},"9":{"start":{"line":11,"column":0},"end":{"line":11,"column":42}},"10":{"start":{"line":12,"column":0},"end":{"line":12,"column":40}},"11":{"start":{"line":13,"column":0},"end":{"line":13,"column":34}},"12":{"start":{"line":15,"column":0},"end":{"line":18,"column":2}},"13":{"start":{"line":20,"column":0},"end":{"line":24,"column":1}},"14":{"start":{"line":21,"column":2},"end":{"line":23,"column":34}},"15":{"start":{"line":26,"column":0},"end":{"line":30,"column":1}},"16":{"start":{"line":27,"column":2},"end":{"line":29,"column":35}},"17":{"start":{"line":32,"column":0},"end":{"line":37,"column":1}},"18":{"start":{"line":33,"column":2},"end":{"line":36,"column":19}},"19":{"start":{"line":39,"column":0},"end":{"line":43,"column":1}},"20":{"start":{"line":40,"column":2},"end":{"line":42,"column":36}},"21":{"start":{"line":45,"column":0},"end":{"line":60,"column":3}},"22":{"start":{"line":46,"column":2},"end":{"line":54,"column":31}},"23":{"start":{"line":56,"column":2},"end":{"line":59,"column":31}},"24":{"start":{"line":62,"column":0},"end":{"line":64,"column":3}},"25":{"start":{"line":63,"column":2},"end":{"line":63,"column":25}},"26":{"start":{"line":66,"column":0},"end":{"line":68,"column":3}},"27":{"start":{"line":67,"column":2},"end":{"line":67,"column":22}},"28":{"start":{"line":70,"column":0},"end":{"line":72,"column":3}},"29":{"start":{"line":71,"column":2},"end":{"line":71,"column":14}},"30":{"start":{"line":74,"column":0},"end":{"line":77,"column":3}},"31":{"start":{"line":75,"column":2},"end":{"line":76,"column":23}},"32":{"start":{"line":79,"column":0},"end":{"line":81,"column":3}},"33":{"start":{"line":80,"column":2},"end":{"line":80,"column":29}},"34":{"start":{"line":83,"column":0},"end":{"line":95,"column":3}},"35":{"start":{"line":86,"column":2},"end":{"line":90,"column":5}},"36":{"start":{"line":87,"column":4},"end":{"line":89,"column":5}},"37":{"start":{"line":88,"column":6},"end":{"line":88,"column":25}},"38":{"start":{"line":93,"column":2},"end":{"line":93,"column":60}},"39":{"start":{"line":97,"column":0},"end":{"line":97,"column":32}}},"branchMap":{"1":{"line":87,"type":"if","locations":[{"start":{"line":87,"column":4},"end":{"line":87,"column":4}},{"start":{"line":87,"column":4},"end":{"line":87,"column":4}}]}},"code":["'use strict';","","var gulp = require('gulp');","var jshint = require('gulp-jshint');","var exec = require('gulp-exec');","var stylish = require('jshint-stylish');","var browserify = require('gulp-browserify');","var uglify = require('gulp-uglify');","var rename = require('gulp-rename');","var karma = require('karma');","var coveralls = require('gulp-coveralls');","var istanbul = require('gulp-istanbul');","var mocha = require('gulp-mocha');","","var paths = {","  index: './index.js',","  tests: './test/**/*.js'","};","","function preTest(src) {","  return gulp.src(src)","    .pipe(istanbul())","    .pipe(istanbul.hookRequire());","}","","function test(src){","  return gulp.src(src)","    .pipe(mocha())","    .pipe(istanbul.writeReports());","}","","function testKarma(done){","  new karma.Server({","    configFile: __dirname + '/karma.conf.js',","    singleRun: true","  }, done).start();","}","","function lint(src){","  return gulp.src(src)","    .pipe(jshint('.jshintrc'))","    .pipe(jshint.reporter(stylish));","}","","gulp.task('dist', function(){","  gulp.src([paths.index])","    .pipe(browserify({","      insertGlobals : true,","      debug: true,","      standalone: 'objectHash'","    }))","    .pipe(rename('object_hash.js'))","    .pipe(uglify({outSourceMap: true}))","    .pipe(gulp.dest('./dist'));","    // tests","  gulp.src([paths.tests])","    .pipe(browserify())","    .pipe(rename('object_hash_test.js'))","    .pipe(gulp.dest('./dist'));","});","","gulp.task('pre-test', function() {","  preTest([paths.index]);","});","","gulp.task('test', ['pre-test'], function() {","  test([paths.tests]);","});","","gulp.task('karma', function() {","  testKarma();","});","","gulp.task('coveralls', function() {","  gulp.src('coverage/**/lcov.info')","    .pipe(coveralls());","});","","gulp.task('lint', function () {","  return lint([paths.index]);","});","","gulp.task('watch', function () {","","  // watch and lint any files that are added or changed","  gulp.watch([paths.index, paths.tests], function(event){","    if(event.type !== 'deleted') {","      lint([event.path]);","    }","  });","","  // run the tests when something changes","  gulp.watch([paths.index, paths.tests], ['test', 'karma']);","","});","","gulp.task('default', ['watch']);",""],"l":{"3":2,"4":0,"5":0,"6":0,"7":0,"8":0,"9":0,"10":0,"11":0,"12":0,"13":0,"15":0,"20":1,"21":0,"26":1,"27":0,"32":1,"33":0,"39":1,"40":0,"45":0,"46":0,"56":0,"62":0,"63":0,"66":0,"67":0,"70":0,"71":0,"74":0,"75":0,"79":0,"80":0,"83":0,"86":0,"87":0,"88":0,"93":0,"97":0}},"/home/travis/build/npmtest/node-npmtest-object-hash/node_modules/object-hash/karma.conf.js":{"path":"/home/travis/build/npmtest/node-npmtest-object-hash/node_modules/object-hash/karma.conf.js","s":{"1":1,"2":0},"b":{},"f":{"1":0},"fnMap":{"1":{"name":"(anonymous_1)","line":4,"loc":{"start":{"line":4,"column":17},"end":{"line":4,"column":34}}}},"statementMap":{"1":{"start":{"line":4,"column":0},"end":{"line":69,"column":1}},"2":{"start":{"line":5,"column":2},"end":{"line":68,"column":4}}},"branchMap":{},"code":["// Karma configuration","// Generated on Thu Dec 10 2015 03:01:27 GMT+0100 (CET)","","module.exports = function(config) {","  config.set({","","    // base path that will be used to resolve all patterns (eg. files, exclude)","    basePath: '',","","","    // frameworks to use","    // available frameworks: https://npmjs.org/browse/keyword/karma-adapter","    frameworks: ['mocha'],","","","    // list of files / patterns to load in the browser","    files: [","      'dist/*.js'","    ],","","","    // list of files to exclude","    exclude: [","    ],","","","    // preprocess matching files before serving them to the browser","    // available preprocessors: https://npmjs.org/browse/keyword/karma-preprocessor","    preprocessors: {","    },","","","    // test results reporter to use","    // possible values: 'dots', 'progress'","    // available reporters: https://npmjs.org/browse/keyword/karma-reporter","    reporters: ['progress'],","","","    // web server port","    port: 9876,","","","    // enable / disable colors in the output (reporters and logs)","    colors: true,","","","    // level of logging","    // possible values: config.LOG_DISABLE || config.LOG_ERROR || config.LOG_WARN || config.LOG_INFO || config.LOG_DEBUG","    logLevel: config.LOG_INFO,","","","    // enable / disable watching file and executing tests whenever any file changes","    autoWatch: true,","","","    // start these browsers","    // available browser launchers: https://npmjs.org/browse/keyword/karma-launcher","    browsers: ['PhantomJS', 'Firefox'],","","","    // Continuous Integration mode","    // if true, Karma captures browsers, runs the tests and exits","    singleRun: false,","","    // Concurrency level","    // how many browser should be started simultanous","    concurrency: Infinity","  })","}",""],"l":{"4":1,"5":0}}}